id freq nodes cores pkg-clamp-0 pkg-clamp-1 dram-clamp-0 dram-clamp-1 avg-time avg-pkg-0 avg-pp0-0 avg-dram-0 avg-pkg-1 avg-pp0-1 avg-dram-1 tot-pkg-0 tot-pp0-0 tot-dram-0 tot-pkg-1 tot-pp0-1 tot-dram-1
2012_12_28_17_43_22_449498181  2601.000 8 16 115.000000 115.000000 0.000000 0.000000 
2012_12_28_17_43_23_455536278  2601.000 8 14 115.000000 115.000000 0.000000 0.000000 
2012_12_28_17_43_23_795913053  2601.000 8 12 115.000000 115.000000 0.000000 0.000000 
2012_12_28_17_43_24_166437872  2601.000 8 10 115.000000 115.000000 0.000000 0.000000 
2012_12_28_17_43_24_551399681  2601.000 8 8 115.000000 115.000000 0.000000 0.000000 
2012_12_28_17_43_24_939016849  2601.000 8 6 115.000000 115.000000 0.000000 0.000000 
2012_12_28_17_43_25_287436577  2601.000 8 4 115.000000 115.000000 0.000000 0.000000 
2012_12_28_17_43_25_625454454  2601.000 16 16 115.000000 115.000000 0.000000 0.000000 
2012_12_28_17_43_39_440560815  2601.000 16 14 115.000000 115.000000 0.000000 0.000000 
2012_12_28_17_43_50_993602946  2601.000 16 12 115.000000 115.000000 0.000000 0.000000 
2012_12_28_17_44_02_298334162  2601.000 16 10 115.000000 115.000000 0.000000 0.000000 
2012_12_28_17_44_13_348925579  2601.000 16 8 115.000000 115.000000 0.000000 0.000000 
2012_12_28_17_44_25_199894948  2601.000 16 6 115.000000 115.000000 0.000000 0.000000 
2012_12_28_17_44_37_931075271  2601.000 16 4 115.000000 115.000000 0.000000 0.000000 
2012_12_28_17_44_52_219856709  2601.000 32 16 51.000000 51.000000 0.000000 0.000000 
2012_12_28_17_45_05_280941453  2601.000 32 14 51.000000 51.000000 0.000000 0.000000 
2012_12_28_17_45_16_753704837  2601.000 32 12 51.000000 51.000000 0.000000 0.000000 
2012_12_28_17_45_28_229190374  2601.000 32 10 51.000000 51.000000 0.000000 0.000000 
2012_12_28_17_45_39_821298775  2601.000 32 8 51.000000 51.000000 0.000000 0.000000 
2012_12_28_17_45_52_265900619  2601.000 32 6 51.000000 51.000000 0.000000 0.000000 
2012_12_28_17_46_05_287913923  2601.000 32 4 51.000000 51.000000 0.000000 0.000000 
2012_12_28_17_46_20_218834804  2601.000 8 16 51.000000 51.000000 0.000000 0.000000 
2012_12_28_17_46_20_564462030  2601.000 8 14 51.000000 51.000000 0.000000 0.000000 
2012_12_28_17_46_20_911812676  2601.000 8 12 51.000000 51.000000 0.000000 0.000000 
2012_12_28_17_46_21_244446437  2601.000 8 10 51.000000 51.000000 0.000000 0.000000 
2012_12_28_17_46_21_603454142  2601.000 8 8 51.000000 51.000000 0.000000 0.000000 
2012_12_28_17_46_22_312515867  2601.000 8 6 51.000000 51.000000 0.000000 0.000000 
2012_12_28_17_46_22_701609235  2601.000 8 4 51.000000 51.000000 0.000000 0.000000 
2012_12_28_17_46_23_081845615  2601.000 16 16 65.000000 65.000000 0.000000 0.000000 
2012_12_28_17_46_37_057790463  2601.000 16 14 65.000000 65.000000 0.000000 0.000000 
2012_12_28_17_46_49_214292415  2601.000 16 12 65.000000 65.000000 0.000000 0.000000 
2012_12_28_17_47_01_825680355  2601.000 16 10 65.000000 65.000000 0.000000 0.000000 
2012_12_28_17_47_14_114213549  2601.000 16 8 65.000000 65.000000 0.000000 0.000000 
2012_12_28_17_47_27_257203288  2601.000 16 6 65.000000 65.000000 0.000000 0.000000 
2012_12_28_17_47_40_673326300  2601.000 16 4 65.000000 65.000000 0.000000 0.000000 
2012_12_28_17_47_57_029675536  2601.000 32 16 65.000000 65.000000 0.000000 0.000000 
2012_12_28_17_48_12_062899694  2601.000 32 14 65.000000 65.000000 0.000000 0.000000 
2012_12_28_17_48_25_745500969  2601.000 32 12 65.000000 65.000000 0.000000 0.000000 
2012_12_28_17_48_38_241843078  2601.000 32 10 65.000000 65.000000 0.000000 0.000000 
2012_12_28_17_48_50_935283921  2601.000 32 8 65.000000 65.000000 0.000000 0.000000 
2012_12_28_17_49_04_021468787  2601.000 32 6 65.000000 65.000000 0.000000 0.000000 
2012_12_28_17_49_17_879024665  2601.000 32 4 65.000000 65.000000 0.000000 0.000000 
2012_12_28_17_49_33_791490207  2601.000 8 16 80.000000 80.000000 0.000000 0.000000 
2012_12_28_17_49_34_114774062  2601.000 8 14 80.000000 80.000000 0.000000 0.000000 
2012_12_28_17_49_34_451302988  2601.000 8 12 80.000000 80.000000 0.000000 0.000000 
2012_12_28_17_49_34_812050214  2601.000 8 10 80.000000 80.000000 0.000000 0.000000 
2012_12_28_17_49_35_162966454  2601.000 8 8 80.000000 80.000000 0.000000 0.000000 
2012_12_28_17_49_35_503044256  2601.000 8 6 80.000000 80.000000 0.000000 0.000000 
2012_12_28_17_49_35_826190434  2601.000 8 4 80.000000 80.000000 0.000000 0.000000 
2012_12_28_17_49_36_185994867  2601.000 16 16 80.000000 80.000000 0.000000 0.000000 
2012_12_28_17_49_50_548961654  2601.000 16 14 80.000000 80.000000 0.000000 0.000000 
2012_12_28_17_50_03_121912570  2601.000 16 12 80.000000 80.000000 0.000000 0.000000 
2012_12_28_17_50_15_075197023  2601.000 16 10 80.000000 80.000000 0.000000 0.000000 
2012_12_28_17_50_27_353157024  2601.000 16 8 80.000000 80.000000 0.000000 0.000000 
2012_12_28_17_50_40_341423850  2601.000 16 6 80.000000 80.000000 0.000000 0.000000 
2012_12_28_17_50_54_138817740  2601.000 16 4 80.000000 80.000000 0.000000 0.000000 
2012_12_28_17_51_10_422411547  2601.000 32 16 95.000000 95.000000 0.000000 0.000000 
2012_12_28_17_51_25_049891280  2601.000 32 14 95.000000 95.000000 0.000000 0.000000 
2012_12_28_17_51_39_304646302  2601.000 32 12 95.000000 95.000000 0.000000 0.000000 
2012_12_28_17_51_50_450109500  2601.000 32 10 95.000000 95.000000 0.000000 0.000000 
2012_12_28_17_52_01_607986036  2601.000 32 8 95.000000 95.000000 0.000000 0.000000 
2012_12_28_17_52_13_782029489  2601.000 32 6 95.000000 95.000000 0.000000 0.000000 
2012_12_28_17_52_26_965769798  2601.000 32 4 95.000000 95.000000 0.000000 0.000000 
2012_12_28_17_52_42_507542375  2601.000 8 16 95.000000 95.000000 0.000000 0.000000 
2012_12_28_17_52_42_844338624  2601.000 8 14 95.000000 95.000000 0.000000 0.000000 
2012_12_28_17_52_43_151264722  2601.000 8 12 95.000000 95.000000 0.000000 0.000000 
2012_12_28_17_52_43_490987150  2601.000 8 10 95.000000 95.000000 0.000000 0.000000 
2012_12_28_17_52_43_847245791  2601.000 8 8 95.000000 95.000000 0.000000 0.000000 
2012_12_28_17_52_44_200297664  2601.000 8 6 95.000000 95.000000 0.000000 0.000000 
2012_12_28_17_52_44_544058238  2601.000 8 4 95.000000 95.000000 0.000000 0.000000 
2012_12_28_17_52_44_878651537  2601.000 16 16  
2012_12_28_17_52_56_982428185  2601.000 16 14  
2012_12_28_17_53_09_045882114  2601.000 16 12  
2012_12_28_17_53_20_807519811  2601.000 16 10  
2012_12_28_17_53_32_502998853  2601.000 16 8  
2012_12_28_17_53_45_156090747  2601.000 16 6  
2012_12_28_17_53_58_132978028  2601.000 16 4  
2012_12_28_17_54_14_176901142  2601.000 32 16  
2012_12_28_17_54_26_791387971  2601.000 32 14  
2012_12_28_17_54_38_103176885  2601.000 32 12  
2012_12_28_17_54_49_662770046  2601.000 32 10  
2012_12_28_17_55_01_041004420  2601.000 32 8  
2012_12_28_17_55_13_554283394  2601.000 32 6  
2012_12_28_17_55_26_490484934  2601.000 32 4  
2012_12_28_17_55_42_409316442  2601.000 8 16  
2012_12_28_17_55_42_790227857  2601.000 8 14  
2012_12_28_17_55_43_157421822  2601.000 8 12  
2012_12_28_17_55_43_501006747  2601.000 8 10  
2012_12_28_17_55_43_858917583  2601.000 8 8  
2012_12_28_17_55_44_231046615  2601.000 8 6  
2012_12_28_17_55_44_539363477  2601.000 8 4  
2012_12_28_17_55_44_892735888  2601.000 16 16  
2012_12_28_17_55_56_496602769  2601.000 16 14  
2012_12_28_17_56_08_988025826  2601.000 16 12  
2012_12_28_17_56_20_034915338  2601.000 16 10  
2012_12_28_17_56_31_260859450  2601.000 16 8  
2012_12_28_17_56_43_812683536  2601.000 16 6  
2012_12_28_17_56_57_635952658  2601.000 16 4  
2012_12_28_17_57_14_565808927  2601.000 32 16  
2012_12_28_17_57_28_321322212  2601.000 32 14  
2012_12_28_17_57_41_489018152  2601.000 32 12  
2012_12_28_17_57_53_728713151  2601.000 32 10  
2012_12_28_17_58_05_223948978  2601.000 32 8  
2012_12_28_17_58_17_767675402  2601.000 32 6  
2012_12_28_17_58_31_321150176  2601.000 32 4  
