Default: SAMPLE is set to zero. If you want to profile the program, set the SAMPLE environment variable to one.
srun: error: rzmerl18: task 0: Exited with exit code 1
Default: Intercepting MPI functions to gather samples is turned off.
Default: SAMPLE is set to zero. If you want to profile the program, set the SAMPLE environment variable to one.
Default: Intercepting MPI functions to gather samples is turned off.
Default: SAMPLE is set to zero. If you want to profile the program, set the SAMPLE environment variable to one.
Default: Intercepting MPI functions to gather samples is turned off.

In READ-ONLY mode.

DISABLING TURBO

In READ-ONLY mode.


In READ-ONLY mode.

DISABLING TURBO
Default: SAMPLE is set to zero. If you want to profile the program, set the SAMPLE environment variable to one.
Default: Intercepting MPI functions to gather samples is turned off.
DISABLING TURBO

In READ-ONLY mode.

DISABLING TURBO

Initialization complete
Initialization complete stage 2
Initialization complete

Initialization complete

Initialization complete
srun: First task exited 30s ago
srun: tasks 1-3: running
srun: task 0: exited abnormally
srun: Terminating job step 659469.2
srun: Job step aborted: Waiting up to 2 seconds for job step to finish.
Initialization complete stage 2Initialization complete stage 2Initialization complete stage 2[master 1b8704a] Results
 8 files changed, 23572 insertions(+), 0 deletions(-)
 create mode 100644 bmarks/sphot/power/2012_12_27_00_13_38_606875130/env
 create mode 100644 bmarks/sphot/power/2012_12_27_00_13_38_606875130/f.err
 create mode 100644 bmarks/sphot/power/2012_12_27_00_13_38_606875130/host_info
 create mode 100644 bmarks/sphot/power/2012_12_27_00_13_38_606875130/info
 create mode 100644 bmarks/sphot/power/2012_12_27_00_13_38_606875130/input.dat
 create mode 100755 bmarks/sphot/power/2012_12_27_00_13_38_606875130/opac.txt
 create mode 100644 bmarks/sphot/power/2012_12_27_00_13_38_606875130/out.dat
 create mode 100644 bmarks/sphot/power/2012_12_27_00_13_38_606875130/out_setup.txt
 create mode 100644 bmarks/sphot/power/2012_12_27_00_13_38_606875130/rzmerl154_rapl_3.rapl.out
 create mode 100644 bmarks/sphot/power/2012_12_27_00_13_38_606875130/rzmerl18_rapl_0.rapl.out
 create mode 100644 bmarks/sphot/power/2012_12_27_00_13_38_606875130/rzmerl53_rapl_1.rapl.out
 create mode 100644 bmarks/sphot/power/2012_12_27_00_13_38_606875130/rzmerl69_rapl_2.rapl.out
 create mode 100644 bmarks/sphot/power/slurm-659469.out
To git@github.com:tpatki/rapl-bmarks
   97abec9..1b8704a  master -> master
