Default: SAMPLE is set to zero. If you want to profile the program, set the SAMPLE environment variable to one.
Default: Intercepting MPI functions to gather samples is turned off.

In READ-ONLY mode.

DISABLING TURBO
Default: SAMPLE is set to zero. If you want to profile the program, set the SAMPLE environment variable to one.
Default: Intercepting MPI functions to gather samples is turned off.
srun: error: rzmerl73: task 0: Exited with exit code 1
Default: SAMPLE is set to zero. If you want to profile the program, set the SAMPLE environment variable to one.
Default: Intercepting MPI functions to gather samples is turned off.
Default: SAMPLE is set to zero. If you want to profile the program, set the SAMPLE environment variable to one.
Default: Intercepting MPI functions to gather samples is turned off.

In READ-ONLY mode.

DISABLING TURBO

In READ-ONLY mode.

DISABLING TURBO

In READ-ONLY mode.

DISABLING TURBO


Initialization complete
Initialization complete
Initialization complete stage 2

Initialization complete
Initialization complete
srun: First task exited 30s ago
srun: tasks 1-3: running
srun: task 0: exited abnormally
srun: Terminating job step 659567.2
srun: Job step aborted: Waiting up to 2 seconds for job step to finish.
Initialization complete stage 2Initialization complete stage 2Initialization complete stage 2