+ i=16
+ minthreads=4
+ j=8
+ maxnodes=32
+ export PKG_MINW_MINS=0x38198
+ PKG_MINW_MINS=0x38198
+ export PP0_MINW_MINS=0x38198
+ PP0_MINW_MINS=0x38198
+ export DRAM_MINW_MINS=0x38078
+ DRAM_MINW_MINS=0x38078
+ export MSR_PKG_POWER_LIMIT=0x0
+ MSR_PKG_POWER_LIMIT=0x0
+ export MSR_PP0_POWER_LIMIT=0x0
+ MSR_PP0_POWER_LIMIT=0x0
+ export MSR_DRAM_POWER_LIMIT=0x0
+ MSR_DRAM_POWER_LIMIT=0x0
+ export MSR_RANK_MOD=1
+ MSR_RANK_MOD=1
+ export SAMPLE=1
+ SAMPLE=1
+ t=0
+ export TURBO_ENABLE=1
+ TURBO_ENABLE=1
+ export FUNC_INTERCEPT=1
+ FUNC_INTERCEPT=1
+ export READ_WRITE=0
+ READ_WRITE=0
+ export READ_ONLY=1
+ READ_ONLY=1
+ i=16
+ j=8
+ '[' 8 -le 32 ']'
+ i=16
+ '[' 16 -ge 4 ']'
+ export OMP_NUM_THREADS=16
+ OMP_NUM_THREADS=16
++ date +%Y_%m_%d_%H_%M_%S_%N
+ name=2012_11_19_11_33_50_519421751
+ mkdir 2012_11_19_11_33_50_519421751
+ cd 2012_11_19_11_33_50_519421751
+ touch out.dat
+ env
+ echo 2012_11_19_11_33_50_519421751
+ uname -a
+ srun --nodes=1 --ntasks=1 -ppbatch cat /proc/cpuinfo
+ grep MHz
+ srun --nodes=1 --ntasks=1 -o host_info hostname
+ echo 'threads/node: 16'
+ echo 'nodes: ' 8
+ echo 'turbo: 1 '
+ cp ../../opac.txt .
+ cp ../../input.dat .
+ srun --nodes=8 --ntasks=8 -e f.err ../../sphot

In READ-ONLY mode.

ENABLING TURBO

In READ-ONLY mode.

ENABLING TURBO

In READ-ONLY mode.

ENABLING TURBO

In READ-ONLY mode.

ENABLING TURBO

In READ-ONLY mode.

ENABLING TURBO

In READ-ONLY mode.

ENABLING TURBO

In READ-ONLY mode.

ENABLING TURBO

In READ-ONLY mode.

ENABLING TURBO

FUNC_INTERCEPT = 1

FUNC_INTERCEPT = 1

FUNC_INTERCEPT = 1

FUNC_INTERCEPT = 1

SAMPLE=1


FUNC_INTERCEPT = 1

SAMPLE=1

SAMPLE=1

SAMPLE=1




FUNC_INTERCEPT = 1

SAMPLE=1


FUNC_INTERCEPT = 1

SAMPLE=1


FUNC_INTERCEPT = 1

SAMPLE=1


SAMPLE=1

In sampleAsync: srun: error: rzmerl24: task 0: Exited with exit code 174
srun: First task exited 30s ago
srun: tasks 1-7: running
srun: task 0: exited abnormally
srun: Terminating job step 644816.2
srun: Job step aborted: Waiting up to 2 seconds for job step to finish.
In sampleAsync: In sampleAsync: In sampleAsync: In sampleAsync: In sampleAsync: In sampleAsync: In sampleAsync: + cd ../
+ i=14
+ '[' 14 -ge 4 ']'
+ export OMP_NUM_THREADS=14
+ OMP_NUM_THREADS=14
++ date +%Y_%m_%d_%H_%M_%S_%N
+ name=2012_11_19_11_34_27_102809652
+ mkdir 2012_11_19_11_34_27_102809652
+ cd 2012_11_19_11_34_27_102809652
+ touch out.dat
+ env
+ echo 2012_11_19_11_34_27_102809652
+ uname -a
+ srun --nodes=1 --ntasks=1 -ppbatch cat /proc/cpuinfo
+ grep MHz
+ srun --nodes=1 --ntasks=1 -o host_info hostname
+ echo 'threads/node: 14'
+ echo 'nodes: ' 8
+ echo 'turbo: 1 '
+ cp ../../opac.txt .
+ cp ../../input.dat .
+ srun --nodes=8 --ntasks=8 -e f.err ../../sphot

In READ-ONLY mode.

ENABLING TURBO

In READ-ONLY mode.

ENABLING TURBO

In READ-ONLY mode.

ENABLING TURBO

In READ-ONLY mode.

ENABLING TURBO

In READ-ONLY mode.

ENABLING TURBO

In READ-ONLY mode.

ENABLING TURBO

In READ-ONLY mode.

ENABLING TURBO

In READ-ONLY mode.

ENABLING TURBO

FUNC_INTERCEPT = 1

SAMPLE=1


FUNC_INTERCEPT = 1

SAMPLE=1


FUNC_INTERCEPT = 1

SAMPLE=1


FUNC_INTERCEPT = 1

SAMPLE=1


FUNC_INTERCEPT = 1

FUNC_INTERCEPT = 1

SAMPLE=1


FUNC_INTERCEPT = 1

SAMPLE=1

FUNC_INTERCEPT = 1


SAMPLE=1


SAMPLE=1

In sampleAsync: srun: error: rzmerl24: task 0: Exited with exit code 174
srun: First task exited 30s ago
srun: tasks 1-7: running
srun: task 0: exited abnormally
srun: Terminating job step 644816.5
srun: Job step aborted: Waiting up to 2 seconds for job step to finish.
In sampleAsync: In sampleAsync: In sampleAsync: In sampleAsync: In sampleAsync: In sampleAsync: In sampleAsync: + cd ../
+ i=12
+ '[' 12 -ge 4 ']'
+ export OMP_NUM_THREADS=12
+ OMP_NUM_THREADS=12
++ date +%Y_%m_%d_%H_%M_%S_%N
+ name=2012_11_19_11_35_01_619070050
+ mkdir 2012_11_19_11_35_01_619070050
+ cd 2012_11_19_11_35_01_619070050
+ touch out.dat
+ env
+ echo 2012_11_19_11_35_01_619070050
+ uname -a
+ srun --nodes=1 --ntasks=1 -ppbatch cat /proc/cpuinfo
+ grep MHz
+ srun --nodes=1 --ntasks=1 -o host_info hostname
+ echo 'threads/node: 12'
+ echo 'nodes: ' 8
+ echo 'turbo: 1 '
+ cp ../../opac.txt .
+ cp ../../input.dat .
+ srun --nodes=8 --ntasks=8 -e f.err ../../sphot

In READ-ONLY mode.

ENABLING TURBO

In READ-ONLY mode.

ENABLING TURBO

In READ-ONLY mode.

ENABLING TURBO

In READ-ONLY mode.

ENABLING TURBO

In READ-ONLY mode.

ENABLING TURBO

In READ-ONLY mode.

ENABLING TURBO

In READ-ONLY mode.

ENABLING TURBO

In READ-ONLY mode.

ENABLING TURBO

FUNC_INTERCEPT = 1

SAMPLE=1


FUNC_INTERCEPT = 1

SAMPLE=1


FUNC_INTERCEPT = 1

FUNC_INTERCEPT = 1

SAMPLE=1


FUNC_INTERCEPT = 1

SAMPLE=1


FUNC_INTERCEPT = 1

FUNC_INTERCEPT = 1

SAMPLE=1

SAMPLE=1



FUNC_INTERCEPT = 1

SAMPLE=1


SAMPLE=1

In sampleAsync: srun: error: rzmerl24: task 0: Exited with exit code 174
srun: First task exited 30s ago
srun: tasks 1-7: running
srun: task 0: exited abnormally
srun: Terminating job step 644816.8
srun: Job step aborted: Waiting up to 2 seconds for job step to finish.
In sampleAsync: In sampleAsync: In sampleAsync: In sampleAsync: In sampleAsync: In sampleAsync: In sampleAsync: + cd ../
+ i=10
+ '[' 10 -ge 4 ']'
+ export OMP_NUM_THREADS=10
+ OMP_NUM_THREADS=10
++ date +%Y_%m_%d_%H_%M_%S_%N
+ name=2012_11_19_11_35_36_139272099
+ mkdir 2012_11_19_11_35_36_139272099
+ cd 2012_11_19_11_35_36_139272099
+ touch out.dat
+ env
+ echo 2012_11_19_11_35_36_139272099
+ uname -a
+ srun --nodes=1 --ntasks=1 -ppbatch cat /proc/cpuinfo
+ grep MHz
+ srun --nodes=1 --ntasks=1 -o host_info hostname
+ echo 'threads/node: 10'
+ echo 'nodes: ' 8
+ echo 'turbo: 1 '
+ cp ../../opac.txt .
+ cp ../../input.dat .
+ srun --nodes=8 --ntasks=8 -e f.err ../../sphot

In READ-ONLY mode.

ENABLING TURBO

In READ-ONLY mode.

ENABLING TURBO

In READ-ONLY mode.

ENABLING TURBO

In READ-ONLY mode.

ENABLING TURBO

In READ-ONLY mode.

ENABLING TURBO

In READ-ONLY mode.

ENABLING TURBO

In READ-ONLY mode.

ENABLING TURBO

In READ-ONLY mode.

ENABLING TURBO

FUNC_INTERCEPT = 1

SAMPLE=1


FUNC_INTERCEPT = 1

SAMPLE=1


FUNC_INTERCEPT = 1

SAMPLE=1


FUNC_INTERCEPT = 1

SAMPLE=1


FUNC_INTERCEPT = 1

SAMPLE=1


FUNC_INTERCEPT = 1

SAMPLE=1


FUNC_INTERCEPT = 1

FUNC_INTERCEPT = 1

SAMPLE=1


SAMPLE=1

In sampleAsync: srun: error: rzmerl24: task 0: Exited with exit code 174
srun: First task exited 30s ago
srun: tasks 1-7: running
srun: task 0: exited abnormally
srun: Terminating job step 644816.11
srun: Job step aborted: Waiting up to 2 seconds for job step to finish.
In sampleAsync: In sampleAsync: In sampleAsync: In sampleAsync: In sampleAsync: In sampleAsync: In sampleAsync: + cd ../
+ i=8
+ '[' 8 -ge 4 ']'
+ export OMP_NUM_THREADS=8
+ OMP_NUM_THREADS=8
++ date +%Y_%m_%d_%H_%M_%S_%N
+ name=2012_11_19_11_36_10_699032259
+ mkdir 2012_11_19_11_36_10_699032259
+ cd 2012_11_19_11_36_10_699032259
+ touch out.dat
+ env
+ echo 2012_11_19_11_36_10_699032259
+ uname -a
+ grep MHz
+ srun --nodes=1 --ntasks=1 -ppbatch cat /proc/cpuinfo
+ srun --nodes=1 --ntasks=1 -o host_info hostname
+ echo 'threads/node: 8'
+ echo 'nodes: ' 8
+ echo 'turbo: 1 '
+ cp ../../opac.txt .
+ cp ../../input.dat .
+ srun --nodes=8 --ntasks=8 -e f.err ../../sphot

In READ-ONLY mode.

ENABLING TURBO

In READ-ONLY mode.

ENABLING TURBO

In READ-ONLY mode.

ENABLING TURBO

In READ-ONLY mode.

ENABLING TURBO

In READ-ONLY mode.

ENABLING TURBO

In READ-ONLY mode.

ENABLING TURBO

In READ-ONLY mode.

ENABLING TURBO

In READ-ONLY mode.

ENABLING TURBO

FUNC_INTERCEPT = 1

SAMPLE=1


FUNC_INTERCEPT = 1

SAMPLE=1


FUNC_INTERCEPT = 1

SAMPLE=1


FUNC_INTERCEPT = 1

SAMPLE=1


FUNC_INTERCEPT = 1

SAMPLE=1


FUNC_INTERCEPT = 1

SAMPLE=1


FUNC_INTERCEPT = 1

FUNC_INTERCEPT = 1

SAMPLE=1


SAMPLE=1

In sampleAsync: srun: error: rzmerl24: task 0: Exited with exit code 174
srun: First task exited 30s ago
srun: tasks 1-7: running
srun: task 0: exited abnormally
srun: Terminating job step 644816.14
srun: Job step aborted: Waiting up to 2 seconds for job step to finish.
In sampleAsync: In sampleAsync: In sampleAsync: In sampleAsync: In sampleAsync: In sampleAsync: In sampleAsync: + cd ../
+ i=6
+ '[' 6 -ge 4 ']'
+ export OMP_NUM_THREADS=6
+ OMP_NUM_THREADS=6
++ date +%Y_%m_%d_%H_%M_%S_%N
+ name=2012_11_19_11_36_45_210732060
+ mkdir 2012_11_19_11_36_45_210732060
+ cd 2012_11_19_11_36_45_210732060
+ touch out.dat
+ env
+ echo 2012_11_19_11_36_45_210732060
+ uname -a
+ srun --nodes=1 --ntasks=1 -ppbatch cat /proc/cpuinfo
+ grep MHz
+ srun --nodes=1 --ntasks=1 -o host_info hostname
+ echo 'threads/node: 6'
+ echo 'nodes: ' 8
+ echo 'turbo: 1 '
+ cp ../../opac.txt .
+ cp ../../input.dat .
+ srun --nodes=8 --ntasks=8 -e f.err ../../sphot

In READ-ONLY mode.

ENABLING TURBO

In READ-ONLY mode.

ENABLING TURBO

In READ-ONLY mode.

ENABLING TURBO

In READ-ONLY mode.

ENABLING TURBO

In READ-ONLY mode.

ENABLING TURBO

In READ-ONLY mode.

ENABLING TURBO

In READ-ONLY mode.

ENABLING TURBO

In READ-ONLY mode.

ENABLING TURBO

FUNC_INTERCEPT = 1

SAMPLE=1


FUNC_INTERCEPT = 1

SAMPLE=1

FUNC_INTERCEPT = 1


FUNC_INTERCEPT = 1

SAMPLE=1


FUNC_INTERCEPT = 1

SAMPLE=1


FUNC_INTERCEPT = 1

SAMPLE=1


FUNC_INTERCEPT = 1

SAMPLE=1


FUNC_INTERCEPT = 1

SAMPLE=1


SAMPLE=1

In sampleAsync: srun: error: rzmerl24: task 0: Exited with exit code 174
srun: First task exited 30s ago
srun: tasks 1-7: running
srun: task 0: exited abnormally
srun: Terminating job step 644816.17
srun: Job step aborted: Waiting up to 2 seconds for job step to finish.
In sampleAsync: In sampleAsync: In sampleAsync: In sampleAsync: In sampleAsync: In sampleAsync: In sampleAsync: + cd ../
+ i=4
+ '[' 4 -ge 4 ']'
+ export OMP_NUM_THREADS=4
+ OMP_NUM_THREADS=4
++ date +%Y_%m_%d_%H_%M_%S_%N
+ name=2012_11_19_11_37_19_384155187
+ mkdir 2012_11_19_11_37_19_384155187
+ cd 2012_11_19_11_37_19_384155187
+ touch out.dat
+ env
+ echo 2012_11_19_11_37_19_384155187
+ uname -a
+ srun --nodes=1 --ntasks=1 -ppbatch cat /proc/cpuinfo
+ grep MHz
+ srun --nodes=1 --ntasks=1 -o host_info hostname
+ echo 'threads/node: 4'
+ echo 'nodes: ' 8
+ echo 'turbo: 1 '
+ cp ../../opac.txt .
+ cp ../../input.dat .
+ srun --nodes=8 --ntasks=8 -e f.err ../../sphot

In READ-ONLY mode.

ENABLING TURBO

In READ-ONLY mode.

ENABLING TURBO

In READ-ONLY mode.

ENABLING TURBO

In READ-ONLY mode.

ENABLING TURBO

In READ-ONLY mode.

ENABLING TURBO

In READ-ONLY mode.

ENABLING TURBO

In READ-ONLY mode.

ENABLING TURBO

In READ-ONLY mode.

ENABLING TURBO

FUNC_INTERCEPT = 1

SAMPLE=1


FUNC_INTERCEPT = 1

FUNC_INTERCEPT = 1

SAMPLE=1

FUNC_INTERCEPT = 1

SAMPLE=1


SAMPLE=1



FUNC_INTERCEPT = 1

SAMPLE=1


FUNC_INTERCEPT = 1

SAMPLE=1


FUNC_INTERCEPT = 1

SAMPLE=1

FUNC_INTERCEPT = 1


SAMPLE=1

In sampleAsync: srun: error: rzmerl24: task 0: Exited with exit code 174
srun: First task exited 30s ago
srun: tasks 1-7: running
srun: task 0: exited abnormally
srun: Terminating job step 644816.20
srun: Job step aborted: Waiting up to 2 seconds for job step to finish.
In sampleAsync: In sampleAsync: In sampleAsync: In sampleAsync: In sampleAsync: In sampleAsync: In sampleAsync: + cd ../
+ i=2
+ '[' 2 -ge 4 ']'
+ j=16
+ '[' 16 -le 32 ']'
+ i=16
+ '[' 16 -ge 4 ']'
+ export OMP_NUM_THREADS=16
+ OMP_NUM_THREADS=16
++ date +%Y_%m_%d_%H_%M_%S_%N
+ name=2012_11_19_11_37_53_477856162
+ mkdir 2012_11_19_11_37_53_477856162
+ cd 2012_11_19_11_37_53_477856162
+ touch out.dat
+ env
+ echo 2012_11_19_11_37_53_477856162
+ uname -a
+ srun --nodes=1 --ntasks=1 -ppbatch cat /proc/cpuinfo
+ grep MHz
+ srun --nodes=1 --ntasks=1 -o host_info hostname
+ echo 'threads/node: 16'
+ echo 'nodes: ' 16
+ echo 'turbo: 1 '
+ cp ../../opac.txt .
+ cp ../../input.dat .
+ srun --nodes=16 --ntasks=16 -e f.err ../../sphot

In READ-ONLY mode.

ENABLING TURBO

FUNC_INTERCEPT = 1

In READ-ONLY mode.

ENABLING TURBO

In READ-ONLY mode.

ENABLING TURBO

In READ-ONLY mode.

ENABLING TURBO

FUNC_INTERCEPT = 1

In READ-ONLY mode.

ENABLING TURBO

In READ-ONLY mode.

ENABLING TURBO

In READ-ONLY mode.

ENABLING TURBO

FUNC_INTERCEPT = 1

In READ-ONLY mode.

ENABLING TURBO

FUNC_INTERCEPT = 1

In READ-ONLY mode.

ENABLING TURBO

In READ-ONLY mode.

ENABLING TURBO

In READ-ONLY mode.

ENABLING TURBO

SAMPLE=1

In READ-ONLY mode.

ENABLING TURBO


In READ-ONLY mode.

ENABLING TURBO

FUNC_INTERCEPT = 1

FUNC_INTERCEPT = 1

In READ-ONLY mode.

ENABLING TURBO

SAMPLE=1


In READ-ONLY mode.

ENABLING TURBO

FUNC_INTERCEPT = 1

FUNC_INTERCEPT = 1

In READ-ONLY mode.

ENABLING TURBO

SAMPLE=1


FUNC_INTERCEPT = 1

FUNC_INTERCEPT = 1

SAMPLE=1


SAMPLE=1


SAMPLE=1


SAMPLE=1


SAMPLE=1


FUNC_INTERCEPT = 1

SAMPLE=1


FUNC_INTERCEPT = 1

FUNC_INTERCEPT = 1

FUNC_INTERCEPT = 1

SAMPLE=1


SAMPLE=1


FUNC_INTERCEPT = 1

FUNC_INTERCEPT = 1

SAMPLE=1


SAMPLE=1


SAMPLE=1


SAMPLE=1


SAMPLE=1

In sampleAsync: srun: error: rzmerl24: task 0: Exited with exit code 174
srun: First task exited 30s ago
srun: tasks 1-15: running
srun: task 0: exited abnormally
srun: Terminating job step 644816.23
srun: Job step aborted: Waiting up to 2 seconds for job step to finish.
In sampleAsync: In sampleAsync: In sampleAsync: In sampleAsync: In sampleAsync: In sampleAsync: In sampleAsync: In sampleAsync: In sampleAsync: In sampleAsync: In sampleAsync: In sampleAsync: In sampleAsync: In sampleAsync: In sampleAsync: + cd ../
+ i=14
+ '[' 14 -ge 4 ']'
+ export OMP_NUM_THREADS=14
+ OMP_NUM_THREADS=14
++ date +%Y_%m_%d_%H_%M_%S_%N
+ name=2012_11_19_11_38_29_110720272
+ mkdir 2012_11_19_11_38_29_110720272
+ cd 2012_11_19_11_38_29_110720272
+ touch out.dat
+ env
+ echo 2012_11_19_11_38_29_110720272
+ uname -a
+ srun --nodes=1 --ntasks=1 -ppbatch cat /proc/cpuinfo
+ grep MHz
+ srun --nodes=1 --ntasks=1 -o host_info hostname
+ echo 'threads/node: 14'
+ echo 'nodes: ' 16
+ echo 'turbo: 1 '
+ cp ../../opac.txt .
+ cp ../../input.dat .
+ srun --nodes=16 --ntasks=16 -e f.err ../../sphot

In READ-ONLY mode.

ENABLING TURBO

In READ-ONLY mode.

ENABLING TURBO

In READ-ONLY mode.

ENABLING TURBO

In READ-ONLY mode.

ENABLING TURBO

In READ-ONLY mode.

ENABLING TURBO

In READ-ONLY mode.

ENABLING TURBO

In READ-ONLY mode.

ENABLING TURBO

In READ-ONLY mode.

ENABLING TURBO

In READ-ONLY mode.

ENABLING TURBO

In READ-ONLY mode.

ENABLING TURBO

In READ-ONLY mode.

ENABLING TURBO

In READ-ONLY mode.

ENABLING TURBO

In READ-ONLY mode.

ENABLING TURBO

In READ-ONLY mode.

ENABLING TURBO

In READ-ONLY mode.

ENABLING TURBO

In READ-ONLY mode.

ENABLING TURBO

FUNC_INTERCEPT = 1

SAMPLE=1


FUNC_INTERCEPT = 1

FUNC_INTERCEPT = 1

SAMPLE=1


FUNC_INTERCEPT = 1

FUNC_INTERCEPT = 1

FUNC_INTERCEPT = 1

FUNC_INTERCEPT = 1

SAMPLE=1


SAMPLE=1


FUNC_INTERCEPT = 1

SAMPLE=1


FUNC_INTERCEPT = 1

SAMPLE=1


FUNC_INTERCEPT = 1

SAMPLE=1


FUNC_INTERCEPT = 1

FUNC_INTERCEPT = 1

SAMPLE=1


FUNC_INTERCEPT = 1

SAMPLE=1


FUNC_INTERCEPT = 1

FUNC_INTERCEPT = 1

SAMPLE=1


FUNC_INTERCEPT = 1

SAMPLE=1


SAMPLE=1


SAMPLE=1


SAMPLE=1


SAMPLE=1


SAMPLE=1

In sampleAsync: srun: error: rzmerl24: task 0: Exited with exit code 174
srun: First task exited 30s ago
srun: tasks 1-15: running
srun: task 0: exited abnormally
srun: Terminating job step 644816.26
srun: Job step aborted: Waiting up to 2 seconds for job step to finish.
In sampleAsync: In sampleAsync: In sampleAsync: In sampleAsync: In sampleAsync: In sampleAsync: In sampleAsync: In sampleAsync: In sampleAsync: In sampleAsync: In sampleAsync: In sampleAsync: In sampleAsync: In sampleAsync: In sampleAsync: + cd ../
+ i=12
+ '[' 12 -ge 4 ']'
+ export OMP_NUM_THREADS=12
+ OMP_NUM_THREADS=12
++ date +%Y_%m_%d_%H_%M_%S_%N
+ name=2012_11_19_11_39_02_756943305
+ mkdir 2012_11_19_11_39_02_756943305
+ cd 2012_11_19_11_39_02_756943305
+ touch out.dat
+ env
+ echo 2012_11_19_11_39_02_756943305
+ uname -a
+ srun --nodes=1 --ntasks=1 -ppbatch cat /proc/cpuinfo
+ grep MHz
+ srun --nodes=1 --ntasks=1 -o host_info hostname
+ echo 'threads/node: 12'
+ echo 'nodes: ' 16
+ echo 'turbo: 1 '
+ cp ../../opac.txt .
+ cp ../../input.dat .
+ srun --nodes=16 --ntasks=16 -e f.err ../../sphot

In READ-ONLY mode.

ENABLING TURBO

In READ-ONLY mode.

ENABLING TURBO

In READ-ONLY mode.

ENABLING TURBO

In READ-ONLY mode.

ENABLING TURBO

In READ-ONLY mode.

ENABLING TURBO

In READ-ONLY mode.

ENABLING TURBO

In READ-ONLY mode.

ENABLING TURBO

In READ-ONLY mode.

ENABLING TURBO

In READ-ONLY mode.

ENABLING TURBO

In READ-ONLY mode.

ENABLING TURBO

In READ-ONLY mode.

ENABLING TURBO

In READ-ONLY mode.

ENABLING TURBO

In READ-ONLY mode.

ENABLING TURBO

In READ-ONLY mode.

ENABLING TURBO

In READ-ONLY mode.

ENABLING TURBO

In READ-ONLY mode.

ENABLING TURBO

FUNC_INTERCEPT = 1

FUNC_INTERCEPT = 1

FUNC_INTERCEPT = 1

SAMPLE=1


SAMPLE=1


SAMPLE=1


FUNC_INTERCEPT = 1

SAMPLE=1


FUNC_INTERCEPT = 1

SAMPLE=1


FUNC_INTERCEPT = 1

SAMPLE=1


FUNC_INTERCEPT = 1

SAMPLE=1


FUNC_INTERCEPT = 1

SAMPLE=1


FUNC_INTERCEPT = 1

SAMPLE=1


FUNC_INTERCEPT = 1

FUNC_INTERCEPT = 1

SAMPLE=1


FUNC_INTERCEPT = 1

SAMPLE=1


FUNC_INTERCEPT = 1

FUNC_INTERCEPT = 1

SAMPLE=1

SAMPLE=1



FUNC_INTERCEPT = 1

SAMPLE=1


FUNC_INTERCEPT = 1

SAMPLE=1


SAMPLE=1

In sampleAsync: srun: error: rzmerl24: task 0: Exited with exit code 174
srun: First task exited 30s ago
srun: tasks 1-15: running
srun: task 0: exited abnormally
srun: Terminating job step 644816.29
srun: Job step aborted: Waiting up to 2 seconds for job step to finish.
In sampleAsync: In sampleAsync: In sampleAsync: In sampleAsync: In sampleAsync: In sampleAsync: In sampleAsync: In sampleAsync: In sampleAsync: In sampleAsync: In sampleAsync: In sampleAsync: In sampleAsync: In sampleAsync: In sampleAsync: + cd ../
+ i=10
+ '[' 10 -ge 4 ']'
+ export OMP_NUM_THREADS=10
+ OMP_NUM_THREADS=10
++ date +%Y_%m_%d_%H_%M_%S_%N
+ name=2012_11_19_11_39_36_468693229
+ mkdir 2012_11_19_11_39_36_468693229
+ cd 2012_11_19_11_39_36_468693229
+ touch out.dat
+ env
+ echo 2012_11_19_11_39_36_468693229
+ uname -a
+ srun --nodes=1 --ntasks=1 -ppbatch cat /proc/cpuinfo
+ grep MHz
+ srun --nodes=1 --ntasks=1 -o host_info hostname
+ echo 'threads/node: 10'
+ echo 'nodes: ' 16
+ echo 'turbo: 1 '
+ cp ../../opac.txt .
+ cp ../../input.dat .
+ srun --nodes=16 --ntasks=16 -e f.err ../../sphot

In READ-ONLY mode.

ENABLING TURBO

In READ-ONLY mode.

ENABLING TURBO

In READ-ONLY mode.

ENABLING TURBO

In READ-ONLY mode.

ENABLING TURBO

In READ-ONLY mode.

ENABLING TURBO

In READ-ONLY mode.

ENABLING TURBO

In READ-ONLY mode.

ENABLING TURBO

In READ-ONLY mode.

ENABLING TURBO

In READ-ONLY mode.

ENABLING TURBO

In READ-ONLY mode.

ENABLING TURBO

In READ-ONLY mode.

ENABLING TURBO

In READ-ONLY mode.

ENABLING TURBO

FUNC_INTERCEPT = 1

SAMPLE=1


In READ-ONLY mode.

ENABLING TURBO

In READ-ONLY mode.

ENABLING TURBO

In READ-ONLY mode.

ENABLING TURBO

In READ-ONLY mode.

ENABLING TURBO

FUNC_INTERCEPT = 1

FUNC_INTERCEPT = 1

SAMPLE=1


SAMPLE=1


FUNC_INTERCEPT = 1

SAMPLE=1


FUNC_INTERCEPT = 1

SAMPLE=1


FUNC_INTERCEPT = 1

SAMPLE=1


FUNC_INTERCEPT = 1

SAMPLE=1


FUNC_INTERCEPT = 1

SAMPLE=1


FUNC_INTERCEPT = 1

FUNC_INTERCEPT = 1

SAMPLE=1


FUNC_INTERCEPT = 1

FUNC_INTERCEPT = 1

FUNC_INTERCEPT = 1

SAMPLE=1


FUNC_INTERCEPT = 1

SAMPLE=1


FUNC_INTERCEPT = 1

SAMPLE=1


FUNC_INTERCEPT = 1

SAMPLE=1


SAMPLE=1


SAMPLE=1


SAMPLE=1

In sampleAsync: srun: error: rzmerl24: task 0: Exited with exit code 174
srun: First task exited 30s ago
srun: tasks 1-15: running
srun: task 0: exited abnormally
srun: Terminating job step 644816.32
srun: Job step aborted: Waiting up to 2 seconds for job step to finish.
In sampleAsync: In sampleAsync: In sampleAsync: In sampleAsync: In sampleAsync: In sampleAsync: In sampleAsync: In sampleAsync: In sampleAsync: In sampleAsync: In sampleAsync: In sampleAsync: In sampleAsync: In sampleAsync: In sampleAsync: + cd ../
+ i=8
+ '[' 8 -ge 4 ']'
+ export OMP_NUM_THREADS=8
+ OMP_NUM_THREADS=8
++ date +%Y_%m_%d_%H_%M_%S_%N
+ name=2012_11_19_11_40_10_135670846
+ mkdir 2012_11_19_11_40_10_135670846
+ cd 2012_11_19_11_40_10_135670846
+ touch out.dat
+ env
+ echo 2012_11_19_11_40_10_135670846
+ uname -a
+ srun --nodes=1 --ntasks=1 -ppbatch cat /proc/cpuinfo
+ grep MHz
+ srun --nodes=1 --ntasks=1 -o host_info hostname
+ echo 'threads/node: 8'
+ echo 'nodes: ' 16
+ echo 'turbo: 1 '
+ cp ../../opac.txt .
+ cp ../../input.dat .
+ srun --nodes=16 --ntasks=16 -e f.err ../../sphot

In READ-ONLY mode.

ENABLING TURBO

In READ-ONLY mode.

ENABLING TURBO

In READ-ONLY mode.

ENABLING TURBO

In READ-ONLY mode.

ENABLING TURBO

In READ-ONLY mode.

ENABLING TURBO

In READ-ONLY mode.

ENABLING TURBO

In READ-ONLY mode.

ENABLING TURBO

In READ-ONLY mode.

ENABLING TURBO

In READ-ONLY mode.

ENABLING TURBO

In READ-ONLY mode.

ENABLING TURBO

In READ-ONLY mode.

ENABLING TURBO

In READ-ONLY mode.

ENABLING TURBO

In READ-ONLY mode.

ENABLING TURBO

In READ-ONLY mode.

ENABLING TURBO

In READ-ONLY mode.

ENABLING TURBO

In READ-ONLY mode.

ENABLING TURBO

FUNC_INTERCEPT = 1

FUNC_INTERCEPT = 1

SAMPLE=1


FUNC_INTERCEPT = 1

SAMPLE=1


FUNC_INTERCEPT = 1

SAMPLE=1


SAMPLE=1


FUNC_INTERCEPT = 1

SAMPLE=1


FUNC_INTERCEPT = 1

SAMPLE=1


FUNC_INTERCEPT = 1

SAMPLE=1


FUNC_INTERCEPT = 1

SAMPLE=1


FUNC_INTERCEPT = 1

SAMPLE=1


FUNC_INTERCEPT = 1

SAMPLE=1


FUNC_INTERCEPT = 1

FUNC_INTERCEPT = 1

FUNC_INTERCEPT = 1

SAMPLE=1


FUNC_INTERCEPT = 1

SAMPLE=1


SAMPLE=1


FUNC_INTERCEPT = 1

SAMPLE=1


FUNC_INTERCEPT = 1

SAMPLE=1


SAMPLE=1

In sampleAsync: srun: error: rzmerl24: task 0: Exited with exit code 174
srun: First task exited 30s ago
srun: tasks 1-15: running
srun: task 0: exited abnormally
srun: Terminating job step 644816.35
srun: Job step aborted: Waiting up to 2 seconds for job step to finish.
In sampleAsync: In sampleAsync: In sampleAsync: In sampleAsync: In sampleAsync: In sampleAsync: In sampleAsync: In sampleAsync: In sampleAsync: In sampleAsync: In sampleAsync: In sampleAsync: In sampleAsync: In sampleAsync: In sampleAsync: + cd ../
+ i=6
+ '[' 6 -ge 4 ']'
+ export OMP_NUM_THREADS=6
+ OMP_NUM_THREADS=6
++ date +%Y_%m_%d_%H_%M_%S_%N
+ name=2012_11_19_11_40_43_658251850
+ mkdir 2012_11_19_11_40_43_658251850
+ cd 2012_11_19_11_40_43_658251850
+ touch out.dat
+ env
+ echo 2012_11_19_11_40_43_658251850
+ uname -a
+ grep MHz
+ srun --nodes=1 --ntasks=1 -ppbatch cat /proc/cpuinfo
+ srun --nodes=1 --ntasks=1 -o host_info hostname
+ echo 'threads/node: 6'
+ echo 'nodes: ' 16
+ echo 'turbo: 1 '
+ cp ../../opac.txt .
+ cp ../../input.dat .
+ srun --nodes=16 --ntasks=16 -e f.err ../../sphot

In READ-ONLY mode.

ENABLING TURBO

In READ-ONLY mode.

ENABLING TURBO

In READ-ONLY mode.

ENABLING TURBO

In READ-ONLY mode.

ENABLING TURBO

In READ-ONLY mode.

ENABLING TURBO

In READ-ONLY mode.

ENABLING TURBO

In READ-ONLY mode.

ENABLING TURBO

In READ-ONLY mode.

ENABLING TURBO

In READ-ONLY mode.

ENABLING TURBO

In READ-ONLY mode.

ENABLING TURBO

In READ-ONLY mode.

ENABLING TURBO

In READ-ONLY mode.

ENABLING TURBO

In READ-ONLY mode.

ENABLING TURBO

In READ-ONLY mode.

ENABLING TURBO

In READ-ONLY mode.

ENABLING TURBO

In READ-ONLY mode.

ENABLING TURBO

FUNC_INTERCEPT = 1

SAMPLE=1


FUNC_INTERCEPT = 1

SAMPLE=1


FUNC_INTERCEPT = 1

FUNC_INTERCEPT = 1

SAMPLE=1


FUNC_INTERCEPT = 1

FUNC_INTERCEPT = 1

SAMPLE=1


FUNC_INTERCEPT = 1

SAMPLE=1


FUNC_INTERCEPT = 1

SAMPLE=1


SAMPLE=1


FUNC_INTERCEPT = 1

SAMPLE=1


FUNC_INTERCEPT = 1

SAMPLE=1


FUNC_INTERCEPT = 1

FUNC_INTERCEPT = 1

SAMPLE=1


SAMPLE=1


FUNC_INTERCEPT = 1

FUNC_INTERCEPT = 1

SAMPLE=1


FUNC_INTERCEPT = 1

SAMPLE=1


FUNC_INTERCEPT = 1

SAMPLE=1


SAMPLE=1


SAMPLE=1

In sampleAsync: srun: error: rzmerl24: task 0: Exited with exit code 174
