id freq turbo nodes cores pkg-clamp-0 pkg-clamp-1 dram-clamp-0 dram-clamp-1 avg-time avg-pkg-0 avg-pp0-0 avg-dram-0 avg-pkg-1 avg-pp0-1 avg-dram-1 tot-pkg-0 tot-pp0-0 tot-dram-0 tot-pkg-1 tot-pp0-1 tot-dram-1
2012_11_19_11_33_50_519421751  2601.000  1  8 16  
2012_11_19_11_34_27_102809652  2601.000  1  8 14  
2012_11_19_11_35_01_619070050  2601.000  0 8 12  
2012_11_19_11_35_36_139272099  2601.000  0 8 10  
2012_11_19_11_36_10_699032259  2601.000  0 8 8  
2012_11_19_11_36_45_210732060  2601.000  0 8 6  
2012_11_19_11_37_19_384155187  2601.000  0 8 4  
2012_11_19_11_37_53_477856162  2601.000  16 16  
2012_11_19_11_38_29_110720272  2601.000  16 14  
2012_11_19_11_39_02_756943305  2601.000  16 12  
2012_11_19_11_39_36_468693229  2601.000  16 10  
2012_11_19_11_40_10_135670846  2601.000  16 8  
2012_11_19_11_40_43_658251850  2601.000  16 6  
2012_11_19_11_41_17_559187260  2601.000  16 4  
2012_11_19_11_41_51_709792692  2601.000  32 16  
2012_11_19_11_42_27_751328840  2601.000  32 14  
2012_11_19_11_43_01_787701574  2601.000  32 12  
2012_11_19_11_43_35_679467017  2601.000  32 10  
2012_11_19_11_44_10_338635330  2601.000  32 8  
2012_11_19_11_44_44_488620244  2601.000  32 6  
2012_11_19_11_45_18_655563188  2601.000  32 4  
2012_11_19_11_45_52_802554636  2601.000  8 16  
2012_11_19_11_46_26_214892656  2601.000  8 14  
2012_11_19_11_47_00_243829236  2601.000  8 12  
2012_11_19_11_47_34_161759198  2601.000  8 10  
2012_11_19_11_48_07_833752222  2601.000  8 8  
2012_11_19_11_48_41_372003144  2601.000  8 6  
2012_11_19_11_49_15_075861361  2601.000  8 4  
2012_11_19_11_49_48_623220607  2601.000  16 16  
2012_11_19_11_50_22_463168451  2601.000  16 14  
2012_11_19_11_50_56_697848367  2601.000  16 12  
2012_11_19_11_51_30_849655388  2601.000  16 10  
2012_11_19_11_52_05_108152678  2601.000  16 8  
2012_11_19_11_52_39_258986120  2601.000  16 6  
2012_11_19_11_53_13_418237501  2601.000  16 4  
2012_11_19_11_53_47_493147698  2601.000  32 16  
2012_11_19_11_54_21_688064741  2601.000  32 14  
2012_11_19_11_54_55_837878106  2601.000  32 12  
2012_11_19_11_55_30_428053742  2601.000  32 10  
2012_11_19_11_56_05_036210714  2601.000  32 8  
2012_11_19_11_56_39_615180925  2601.000  32 6  
2012_11_19_11_57_14_143639380  2601.000  32 4  
2012_11_19_11_57_48_485069452  2601.000  8 16  
2012_11_19_11_58_24_057204166  2601.000  8 14  
2012_11_19_11_58_57_425241496  2601.000  8 12  
2012_11_19_11_59_31_740273134  2601.000  8 10  
2012_11_19_12_00_06_141277619  2601.000  8 8  
2012_11_19_12_00_39_786674340  2601.000  8 6  
2012_11_19_12_01_13_603232392  2601.000  8 4  
2012_11_19_12_01_47_384520953  2601.000  16 16  
2012_11_19_12_02_21_099921864  2601.000  16 14  
2012_11_19_12_02_55_000425313  2601.000  16 12  
2012_11_19_12_03_28_741969479  2601.000  16 10  
2012_11_19_12_04_02_807514274  2601.000  16 8  
2012_11_19_12_04_36_715891349  2601.000  16 6  
2012_11_19_12_05_10_809730321  2601.000  16 4  
2012_11_19_12_05_44_575801286  2601.000  32 16  
2012_11_19_12_06_18_717007484  2601.000  32 14  
2012_11_19_12_06_53_186201861  2601.000  32 12  
2012_11_19_12_07_28_031925207  2601.000  32 10  
2012_11_19_12_08_02_652333672  2601.000  32 8  
2012_11_19_12_08_37_217261805  2601.000  32 6  
2012_11_19_12_09_11_680145054  2601.000  32 4  
2012_11_19_12_09_46_167064660  2601.000  8 16  
2012_11_19_12_10_20_044365138  2601.000  8 14  
2012_11_19_12_10_53_926061817  2601.000  8 12  
2012_11_19_12_11_27_307179741  2601.000  8 10  
2012_11_19_12_12_00_789693412  2601.000  8 8  
2012_11_19_12_12_34_540236614  2601.000  8 6  
2012_11_19_12_13_08_430466157  2601.000  8 4  
2012_11_19_12_13_41_913295952  2601.000  16 16  
2012_11_19_12_14_16_211419191  2601.000  16 14  
2012_11_19_12_14_50_176829131  2601.000  16 12  
2012_11_19_12_15_23_867862556  2601.000  16 10  
2012_11_19_12_15_58_022052721  2601.000  16 8  
2012_11_19_12_16_32_620424571  2601.000  16 6  
2012_11_19_12_17_07_242322180  2601.000  16 4  
2012_11_19_12_17_40_903940645  2601.000  32 16  
2012_11_19_12_18_15_177914557  2601.000  32 14  
2012_11_19_12_18_49_184696320  2601.000  32 12  
2012_11_19_12_19_23_549844714  2601.000  32 10  
2012_11_19_12_19_58_147432351  2601.000  32 8  
2012_11_19_12_20_32_578238683  2601.000  32 6  
2012_11_19_12_21_07_026637797  2601.000  32 4  
2012_11_19_12_21_41_479925773  2601.000  8 16  
2012_11_19_12_22_15_180696587  2601.000  8 14  
2012_11_19_12_22_48_958218814  2601.000  8 12  
2012_11_19_12_23_22_930174850  2601.000  8 10  
2012_11_19_12_23_56_599370833  2601.000  8 8  
2012_11_19_12_24_30_723762849  2601.000  8 6  
2012_11_19_12_25_04_725155133  2601.000  8 4  
2012_11_19_12_25_38_672822927  2601.000  16 16  
2012_11_19_12_26_12_871985926  2601.000  16 14  
2012_11_19_12_26_46_647973647  2601.000  16 12  
2012_11_19_12_27_21_166349616  2601.000  16 10  
2012_11_19_12_27_55_198468877  2601.000  16 8  
2012_11_19_12_28_29_909983149  2601.000  16 6  
2012_11_19_12_29_04_190596311  2601.000  16 4  
2012_11_19_12_29_38_178236775  2601.000  32 16  
2012_11_19_12_30_12_896907062  2601.000  32 14  
2012_11_19_12_30_47_321736205  2601.000  32 12  
2012_11_19_12_31_22_058171896  2601.000  32 10  
2012_11_19_12_31_56_627524511  2601.000  32 8  
2012_11_19_12_32_31_761689358  2601.000  32 6  
2012_11_19_12_33_06_475161600  2601.000  32 4  
