id freq nodes cores pkg-clamp-0 pkg-clamp-1 dram-clamp-0 dram-clamp-1 avg-time avg-pkg-0 avg-pp0-0 avg-dram-0 avg-pkg-1 avg-pp0-1 avg-dram-1 tot-pkg-0 tot-pp0-0 tot-dram-0 tot-pkg-1 tot-pp0-1 tot-dram-1
2013_01_03_13_15_30_065116317  2601.000 8 16 115.000000 115.000000 0.000000 0.000000 15.1033975 92.02430825 78.102768625 7.0389115 91.9707115 78.18054625 6.83730425 736.194466 624.822149 56.311292 735.765692 625.44437 54.698434
2013_01_03_13_15_52_138087933  2601.000 8 14 115.000000 115.000000 0.000000 0.000000 16.23559475 86.55897775 72.632604 7.097962375 85.054529625 71.31510675 6.668643625 692.471822 581.060832 56.783699 680.436237 570.520854 53.349149
2013_01_03_13_16_14_855253829  2601.000 8 12 115.000000 115.000000 0.000000 0.000000 17.43217475 83.1588575 69.3171245 6.7829395 78.265488375 64.565741125 6.3947385 665.27086 554.536996 54.263516 626.123907 516.525929 51.157908
2013_01_03_13_16_38_567568845  2601.000 8 10 115.000000 115.000000 0.000000 0.000000 18.174222 74.554124 60.727024625 6.979407625 73.550541625 59.903353625 6.240625375 596.432992 485.816197 55.835261 588.404333 479.226829 49.925003
2013_01_03_13_17_02_889510705  2601.000 8 8 115.000000 115.000000 0.000000 0.000000 22.218778125 65.262067875 51.627679625 6.080263 68.142712625 54.574836625 6.115414 522.096543 413.021437 48.642104 545.141701 436.598693 48.923312
2013_01_03_13_17_29_945229009  2601.000 8 6 115.000000 115.000000 0.000000 0.000000 26.962519625 56.44316525 42.888094125 6.021853375 60.140739875 46.602553875 6.107369875 451.545322 343.104753 48.174827 481.125919 372.820431 48.858959
2013_01_03_13_18_02_727745047  2601.000 8 4 115.000000 115.000000 0.000000 0.000000 37.08796025 49.779920625 36.291346625 5.744490875 50.15939575 36.752008375 5.769375875 398.239365 290.330773 45.955927 401.275166 294.016067 46.155007
2013_01_03_13_18_45_623855815  2601.000 16 16 115.000000 115.000000 0.000000 0.000000 8.1685974375 90.7629316875 76.9210816875 6.8128771875 90.0396745 76.323849 6.546319125 1452.206907 1230.737307 109.006035 1440.634792 1221.181584 104.741106
2013_01_03_13_19_00_728746849  2601.000 16 14 115.000000 115.000000 0.000000 0.000000 7.67955275 88.299987875 74.402533375 7.015671375 84.3438800625 70.5863464375 6.70080175 1412.799806 1190.440534 112.250742 1349.502081 1129.381543 107.212828
2013_01_03_13_19_15_020454792  2601.000 16 12 115.000000 115.000000 0.000000 0.000000 9.1394585625 80.250566 66.5297838125 6.25602425 77.665392 64.0441090625 6.5509244375 1284.009056 1064.476541 100.096388 1242.646272 1024.705745 104.814791
2013_01_03_13_19_29_880432351  2601.000 16 10 115.000000 115.000000 0.000000 0.000000 9.564277125 74.37659575 60.674034625 6.419910625 71.21537775 57.640039375 6.29702025 1190.025532 970.784554 102.71857 1139.446044 922.24063 100.752324
2013_01_03_13_19_45_226924618  2601.000 16 8 115.000000 115.000000 0.000000 0.000000 11.5894025625 66.172584625 52.566123 5.9142153125 65.127591875 51.6343228125 5.9585016875 1058.761354 841.057968 94.627445 1042.04147 826.149165 95.336027
2013_01_03_13_20_02_836137524  2601.000 16 6 115.000000 115.000000 0.000000 0.000000 13.933336125 57.07599325 43.5547810625 5.7818433125 57.9156065625 44.4754494375 5.8934534375 913.215892 696.876497 92.509493 926.649705 711.607191 94.295255
2013_01_03_13_20_22_867069800  2601.000 16 4 115.000000 115.000000 0.000000 0.000000 18.8232909375 48.1242026875 34.6943456875 5.465879375 51.02339575 37.65052175 5.8235519375 769.987243 555.109531 87.45407 816.374332 602.408348 93.176831
2013_01_03_13_20_47_763145303  2601.000 32 16 115.000000 115.000000 0.000000 0.000000 4.8621415625 88.66254875 75.0573266875 6.09516184375 88.23338765625 74.69837878125 5.77564259375 2837.20156 2401.834454 195.045179 2823.468405 2390.348121 184.820563
2013_01_03_13_20_59_974627216  2601.000 32 14 115.000000 115.000000 0.000000 0.000000 4.69024640625 86.42848053125 72.7865959375 6.29725571875 80.75644459375 67.2305138125 5.8392570625 2765.711377 2329.17107 201.512183 2584.206227 2151.376442 186.856226
2013_01_03_13_21_11_201745205  2601.000 32 12 115.000000 115.000000 0.000000 0.000000 5.11643796875 79.09856203125 65.546582125 5.8883393125 75.65396590625 62.1826528125 5.8067356875 2531.153985 2097.490628 188.426858 2420.926909 1989.84489 185.815542
2013_01_03_13_21_22_820788675  2601.000 32 10 115.000000 115.000000 0.000000 0.000000 5.269092375 71.969631375 58.41252928125 5.88393390625 71.5223554375 58.05546615625 5.8997890625 2303.028204 1869.200937 188.285885 2288.715374 1857.774917 188.79325
2013_01_03_13_21_34_697040929  2601.000 32 8 115.000000 115.000000 0.000000 0.000000 6.2247668125 65.1999700625 51.73718875 5.70118796875 64.616599 51.24486153125 5.57278484375 2086.399042 1655.59004 182.438015 2067.731168 1639.835569 178.329115
2013_01_03_13_21_47_738626250  2601.000 32 6 115.000000 115.000000 0.000000 0.000000 7.49576115625 54.85067709375 41.45471215625 5.35741721875 58.9071113125 45.57554175 5.373897 1755.221667 1326.550789 171.437351 1885.027562 1458.417336 171.964704
2013_01_03_13_22_01_772341503  2601.000 32 4 115.000000 115.000000 0.000000 0.000000 9.74473996875 47.61354171875 34.27253696875 5.2396733125 51.20441303125 37.90806003125 5.22040678125 1523.633335 1096.721183 167.669546 1638.541217 1213.057921 167.053017
2013_01_03_13_22_18_426477902  2601.000 8 16 51.000000 51.000000 0.000000 0.000000 22.051605625 50.787838 37.0734905 6.629815125 50.80960475 37.203711 6.129756375 406.302704 296.587924 53.038521 406.476838 297.629688 49.038051
2013_01_03_13_22_46_620221884  2601.000 8 14 51.000000 51.000000 0.000000 0.000000 21.682311625 50.973159625 37.265769875 6.70164425 50.998572625 37.378705375 6.220127125 407.785277 298.126159 53.613154 407.988581 299.029643 49.761017
2013_01_03_13_23_14_396048330  2601.000 8 12 51.000000 51.000000 0.000000 0.000000 25.75256375 50.80756175 37.186900375 6.47770825 50.745525125 37.246328625 6.043453875 406.460494 297.495203 51.821666 405.964201 297.970629 48.347631
2013_01_03_13_23_46_963137058  2601.000 8 10 51.000000 51.000000 0.000000 0.000000 24.366137875 50.487436875 36.843057 6.097548 50.787507875 37.235046375 6.04896125 403.899495 294.744456 48.780384 406.300063 297.880371 48.39169
2013_01_03_13_24_17_899985030  2601.000 8 8 51.000000 51.000000 0.000000 0.000000 27.699970875 49.241787125 35.670535375 6.07397425 48.907373375 35.4336275 5.942272875 393.934297 285.364283 48.591794 391.258987 283.46902 47.538183
2013_01_03_13_24_51_936129235  2601.000 8 6 51.000000 51.000000 0.000000 0.000000 33.04502525 42.3103255 28.839031375 5.678445 44.429518625 30.9766875 5.9777835 338.482604 230.712251 45.42756 355.436149 247.8135 47.822268
2013_01_03_13_25_31_386634880  2601.000 8 4 51.000000 51.000000 0.000000 0.000000 45.404218 36.302367 22.88710775 5.499172 37.729485625 24.38140625 5.703243 290.418936 183.096862 43.993376 301.835885 195.05125 45.625944
2013_01_03_13_26_23_563831937  2601.000 16 16 51.000000 51.000000 0.000000 0.000000 12.6183568125 50.262407875 36.647820625 6.1439784375 50.326446 36.807982875 6.076661375 804.198526 586.36513 98.303655 805.223136 588.927726 97.226582
2013_01_03_13_26_42_470171739  2601.000 16 14 51.000000 51.000000 0.000000 0.000000 11.6671154375 50.794804875 37.1378448125 6.3385295625 50.6273315625 37.1128548125 6.1044150625 812.716878 594.205517 101.416473 810.037305 593.805677 97.670641
2013_01_03_13_27_00_632049874  2601.000 16 12 51.000000 51.000000 0.000000 0.000000 13.2705764375 50.8508964375 37.30901725 5.952990125 50.4784279375 37.0387155 5.9588390625 813.614343 596.944276 95.247842 807.654847 592.619448 95.341425
2013_01_03_13_27_19_411655672  2601.000 16 10 51.000000 51.000000 0.000000 0.000000 14.075578 50.1614385625 36.6291478125 5.908789375 50.1570570625 36.7125276875 5.7263271875 802.583017 586.066365 94.54063 802.512913 587.400443 91.621235
2013_01_03_13_27_39_813118843  2601.000 16 8 51.000000 51.000000 0.000000 0.000000 14.71478475 47.8242895625 34.3394890625 5.753739 48.6215610625 35.212045625 5.855981 765.188633 549.431825 92.059824 777.944977 563.39273 93.695696
2013_01_03_13_28_00_599007246  2601.000 16 6 51.000000 51.000000 0.000000 0.000000 16.8014055 42.0522068125 28.61701 5.77506575 44.202727625 30.8241605625 5.76264975 672.835309 457.87216 92.401052 707.243642 493.186569 92.202396
2013_01_03_13_28_23_442464479  2601.000 16 4 51.000000 51.000000 0.000000 0.000000 22.9950794375 36.1273843125 22.75891025 5.4960278125 37.7294790625 24.407444375 5.5870099375 578.038149 364.142564 87.936445 603.671665 390.51911 89.392159
2013_01_03_13_28_52_617463161  2601.000 32 16 51.000000 51.000000 0.000000 0.000000 6.63154696875 50.2367204375 36.7516115 5.848880625 50.46713384375 37.05781884375 5.55418884375 1607.575054 1176.051568 187.16418 1614.948283 1185.850203 177.734043
2013_01_03_13_29_06_281363433  2601.000 32 14 51.000000 51.000000 0.000000 0.000000 6.37413503125 51.14768415625 37.64631471875 5.90425384375 51.0263298125 37.6081113125 5.697651875 1636.725893 1204.682071 188.936123 1632.842554 1203.459562 182.32486
2013_01_03_13_29_19_347394691  2601.000 32 12 51.000000 51.000000 0.000000 0.000000 7.14944925 50.95754828125 37.5248944375 5.690259 50.6326600625 37.25963225 5.584246375 1630.641545 1200.796622 182.088288 1620.245122 1192.308232 178.695884
2013_01_03_13_29_33_409110812  2601.000 32 10 51.000000 51.000000 0.000000 0.000000 7.20574178125 50.32667215625 36.885076625 5.79170553125 50.0028920625 36.635306125 5.599243625 1610.453509 1180.322452 185.334577 1600.092546 1172.329796 179.175796
2013_01_03_13_29_47_579905078  2601.000 32 8 51.000000 51.000000 0.000000 0.000000 7.5227946875 48.567285375 35.1773655 5.53255384375 48.1852446875 34.85734578125 5.4983236875 1554.153132 1125.675696 177.041723 1541.92783 1115.435065 175.946358
2013_01_03_13_30_02_169299546  2601.000 32 6 51.000000 51.000000 0.000000 0.000000 8.86934396875 42.03179753125 28.6799580625 5.27843565625 43.68194978125 30.38202003125 5.3761915 1345.017521 917.758658 168.909941 1397.822393 972.224641 172.038128
2013_01_03_13_30_18_001074786  2601.000 32 4 51.000000 51.000000 0.000000 0.000000 11.82520175 35.89404740625 22.5905886875 5.17188740625 37.99078003125 24.72764284375 5.17289725 1148.609517 722.898838 165.500397 1215.704961 791.284571 165.532712
2013_01_03_13_30_36_738471288  2601.000 8 16 65.000000 65.000000 0.000000 0.000000 19.647387 64.19465 50.42615925 6.718274375 64.274684 50.659203 6.15338475 513.5572 403.409274 53.746195 514.197472 405.273624 49.227078
2013_01_03_13_31_03_084699959  2601.000 8 14 65.000000 65.000000 0.000000 0.000000 18.609560375 63.03898625 49.249267625 6.666448375 63.27039525 49.5857525 6.536553375 504.31189 393.994141 53.331587 506.163162 396.68602 52.292427
2013_01_03_13_31_28_445382378  2601.000 8 12 65.000000 65.000000 0.000000 0.000000 21.509166625 62.25744425 48.570093625 6.55543525 58.944067 45.36427 6.189371625 498.059554 388.560749 52.443482 471.552536 362.91416 49.514973
2013_01_03_13_31_56_569086761  2601.000 8 10 65.000000 65.000000 0.000000 0.000000 21.383861375 56.97160775 43.258798125 6.45000575 55.7169565 42.1525125 6.178421125 455.772862 346.070385 51.600046 445.735652 337.2201 49.427369
2013_01_03_13_32_24_688048698  2601.000 8 8 65.000000 65.000000 0.000000 0.000000 26.7523725 48.31551525 34.77262475 6.104888875 50.946345375 37.439388125 6.06329425 386.524122 278.180998 48.839111 407.570763 299.515105 48.506354
2013_01_03_13_32_58_099161229  2601.000 8 6 65.000000 65.000000 0.000000 0.000000 32.7881025 43.18808575 29.70164775 5.858934875 43.6186595 30.191370125 6.0714235 345.504686 237.613182 46.871479 348.949276 241.530961 48.571388
2013_01_03_13_33_37_685146364  2601.000 8 4 65.000000 65.000000 0.000000 0.000000 45.50515925 35.845623875 22.44645 5.57105025 38.188089875 24.830025 5.832083625 286.764991 179.5716 44.568402 305.504719 198.6402 46.656669
2013_01_03_13_34_29_836314424  2601.000 16 16 65.000000 65.000000 0.000000 0.000000 16.66210475 60.9845524375 47.437042 5.6837371875 61.7740675 48.3137926875 5.263122875 975.752839 758.992672 90.939795 988.38508 773.020683 84.209966
2013_01_03_13_34_53_317914002  2601.000 16 14 65.000000 65.000000 0.000000 0.000000 9.931541125 63.532257875 49.822020625 6.3312361875 62.8410661875 49.271405875 6.279116625 1016.516126 797.15233 101.299779 1005.457059 788.342494 100.465866
2013_01_03_13_35_09_822797962  2601.000 16 12 65.000000 65.000000 0.000000 0.000000 10.9522256875 61.977326625 48.3392240625 6.281657625 58.7051390625 45.187409625 6.1272905625 991.637226 773.427585 100.506522 939.282225 722.998554 98.036649
2013_01_03_13_35_27_187481970  2601.000 16 10 65.000000 65.000000 0.000000 0.000000 11.145617125 56.401011125 42.7750096875 6.2668888125 55.121228 41.606700375 6.205065875 902.416178 684.400155 100.270221 881.939648 665.707206 99.281054
2013_01_03_13_35_44_887393899  2601.000 16 8 65.000000 65.000000 0.000000 0.000000 13.696945875 49.268695125 35.7499085625 5.8372350625 49.0545475 35.640441 5.869583375 788.299122 571.998537 93.395761 784.87276 570.247056 93.913334
2013_01_03_13_36_05_032406999  2601.000 16 6 65.000000 65.000000 0.000000 0.000000 16.6609434375 42.395552125 28.964721125 5.613400375 43.7505173125 30.3679968125 5.8029055625 678.328834 463.435538 89.814406 700.008277 485.887949 92.846489
2013_01_03_13_36_28_388147838  2601.000 16 4 65.000000 65.000000 0.000000 0.000000 23.09535175 35.7835204375 22.4172775625 5.504658125 37.8781855625 24.550733875 5.644725125 572.536327 358.676441 88.07453 606.050969 392.811742 90.315602
2013_01_03_13_36_58_021083151  2601.000 32 16 65.000000 65.000000 0.000000 0.000000 9.109487 60.81130309375 47.3781383125 5.33283996875 61.6866955625 48.3142163125 4.55713175 1945.961699 1516.100426 170.650879 1973.974258 1546.054922 145.828216
2013_01_03_13_37_13_878714443  2601.000 32 14 65.000000 65.000000 0.000000 0.000000 5.44520784375 63.057605375 49.50354021875 6.00495846875 62.047401 48.5757915625 5.78960159375 2017.843372 1584.113287 192.158671 1985.516832 1554.42533 185.267251
2013_01_03_13_37_26_288389072  2601.000 32 12 65.000000 65.000000 0.000000 0.000000 6.084768875 60.83318396875 47.35539390625 5.86105428125 57.586783875 44.18341271875 5.73280225 1946.661887 1515.372605 187.553737 1842.777084 1413.869207 183.449672
2013_01_03_13_37_39_170788070  2601.000 32 10 65.000000 65.000000 0.000000 0.000000 6.25028621875 54.92324359375 41.44774159375 5.81454440625 54.54677121875 41.1385313125 5.79258875 1757.543795 1326.327731 186.065421 1745.496679 1316.433002 185.36284
2013_01_03_13_37_52_300122057  2601.000 32 8 65.000000 65.000000 0.000000 0.000000 7.2775239375 48.80204196875 35.400954375 5.492958375 48.72849228125 35.38809846875 5.50423084375 1561.665343 1132.83054 175.774668 1559.311753 1132.419151 176.135387
2013_01_03_13_38_06_676902909  2601.000 32 6 65.000000 65.000000 0.000000 0.000000 8.74500509375 42.1603149375 28.80456640625 5.30749340625 43.58837390625 30.28734265625 5.4185258125 1349.130078 921.746125 169.839789 1394.827965 969.194965 173.392826
2013_01_03_13_38_22_223231075  2601.000 32 4 65.000000 65.000000 0.000000 0.000000 11.84855815625 35.41954415625 22.11322828125 5.17353678125 38.4055700625 25.143286375 5.0966494375 1133.425413 707.623305 165.553177 1228.978242 804.585164 163.092782
2013_01_03_13_38_40_931152048  2601.000 8 16 80.000000 80.000000 0.000000 0.000000 19.0198995 71.427488375 57.646332375 6.66231775 71.85540025 58.151364875 6.3826655 571.419907 461.170659 53.298542 574.843202 465.210919 51.061324
2013_01_03_13_39_06_552116823  2601.000 8 14 80.000000 80.000000 0.000000 0.000000 18.667095 69.90251325 56.06105575 6.834766375 64.360456375 50.719931125 6.328482375 559.220106 448.488446 54.678131 514.883651 405.759449 50.627859
2013_01_03_13_39_31_941105448  2601.000 8 12 80.000000 80.000000 0.000000 0.000000 20.258894125 62.1335395 48.417623875 6.59004475 61.85578825 48.253914375 6.110717375 497.068316 387.340991 52.720358 494.846306 386.031315 48.885739
2013_01_03_13_39_58_974692579  2601.000 8 10 80.000000 80.000000 0.000000 0.000000 21.351817375 57.637917875 43.95262575 6.2976445 55.418580125 41.844751 6.04408875 461.103343 351.621006 50.381156 443.348641 334.758008 48.35271
2013_01_03_13_40_27_128495423  2601.000 8 8 80.000000 80.000000 0.000000 0.000000 26.689704375 50.16368175 36.590743 6.208246 49.197944375 35.715220625 6.065867125 401.309454 292.725944 49.665968 393.583555 285.721765 48.526937
2013_01_03_13_41_00_566465818  2601.000 8 6 80.000000 80.000000 0.000000 0.000000 32.662368875 42.84646625 29.34500975 5.941891 43.9821425 30.5597875 5.97836 342.77173 234.760078 47.535128 351.85714 244.4783 47.82688
2013_01_03_13_41_40_011713612  2601.000 8 4 80.000000 80.000000 0.000000 0.000000 45.493199625 36.3631865 22.977957875 5.500395125 37.669765625 24.2992975 5.7391345 290.905492 183.823663 44.003161 301.358125 194.39438 45.913076
2013_01_03_13_42_32_261593268  2601.000 16 16 80.000000 80.000000 0.000000 0.000000 10.406568375 70.4096550625 56.7009135625 6.5543786875 69.963791 56.3754784375 6.1161116875 1126.554481 907.214617 104.870059 1119.420656 902.007655 97.857787
2013_01_03_13_42_49_419633116  2601.000 16 14 80.000000 80.000000 0.000000 0.000000 8.786771 67.421562625 53.6616385625 6.7557788125 68.7109136875 55.041915875 6.465576625 1078.745002 858.586217 108.092461 1099.374619 880.670654 103.449226
2013_01_03_13_43_04_957941089  2601.000 16 12 80.000000 80.000000 0.000000 0.000000 10.7464085 61.3361484375 47.7084851875 6.2444895625 61.0731655 47.537466125 6.213490125 981.378375 763.335763 99.911833 977.170648 760.599458 99.415842
2013_01_03_13_43_22_218444359  2601.000 16 10 80.000000 80.000000 0.000000 0.000000 11.1556103125 56.500469375 42.8887643125 6.293045625 55.0078731875 41.50617375 6.1156104375 904.00751 686.220229 100.68873 880.125971 664.09878 97.849767
2013_01_03_13_43_40_063022728  2601.000 16 8 80.000000 80.000000 0.000000 0.000000 13.6100739375 48.692801375 35.195571375 5.772972625 49.7678844375 36.320394875 5.877829125 779.084822 563.129142 92.367562 796.286151 581.126318 94.045266
2013_01_03_13_44_00_374532007  2601.000 16 6 80.000000 80.000000 0.000000 0.000000 16.7678593125 42.59682925 29.1526041875 5.6279890625 43.5953028125 30.2228875625 5.850239125 681.549268 466.441667 90.047825 697.524845 483.566201 93.603826
2013_01_03_13_44_23_775328102  2601.000 16 4 80.000000 80.000000 0.000000 0.000000 22.94650075 35.343388375 21.9773100625 5.5129375 38.4024318125 25.0787048125 5.6344775625 565.494214 351.636961 88.207 614.438909 401.259277 90.151641
2013_01_03_13_44_53_302302786  2601.000 32 16 80.000000 80.000000 0.000000 0.000000 7.03513296875 67.2443961875 53.74667634375 5.710511 67.44956246875 54.0316743125 5.154098875 2151.820678 1719.893643 182.736352 2158.385999 1729.013578 164.931164
2013_01_03_13_45_07_120428647  2601.000 32 14 80.000000 80.000000 0.000000 0.000000 5.746268625 66.502202875 52.9618005625 5.88994465625 64.3013408125 50.843291375 5.53822309375 2128.070492 1694.777618 188.478229 2057.642906 1626.985324 177.223139
2013_01_03_13_45_19_524124379  2601.000 32 12 80.000000 80.000000 0.000000 0.000000 6.50286940625 60.30359003125 46.84560353125 5.75085715625 58.8156854375 45.42402775 5.502665375 1929.714881 1499.059313 184.027429 1882.101934 1453.568888 176.085292
2013_01_03_13_45_32_883962356  2601.000 32 10 80.000000 80.000000 0.000000 0.000000 6.10520678125 55.06027925 41.5779744375 5.7667375 54.88329175 41.47245740625 5.74849628125 1761.928936 1330.495182 184.5356 1756.265336 1327.118637 183.951881
2013_01_03_13_45_46_093140387  2601.000 32 8 80.000000 80.000000 0.000000 0.000000 7.2422461875 48.71063303125 35.30204409375 5.55302165625 49.00918578125 35.664467625 5.586553125 1558.740257 1129.665411 177.696693 1568.293945 1141.262964 178.7697
2013_01_03_13_46_00_259291259  2601.000 32 6 80.000000 80.000000 0.000000 0.000000 8.86912346875 41.74065009375 28.38195234375 5.293178875 43.958563375 30.65867303125 5.31076259375 1335.700803 908.222475 169.381724 1406.674028 981.077537 169.944403
2013_01_03_13_46_15_809457409  2601.000 32 4 80.000000 80.000000 0.000000 0.000000 11.9083808125 36.32964390625 23.02550840625 5.1987609375 37.65584625 24.3928556875 5.15169975 1162.548605 736.816269 166.36035 1204.98708 780.571382 164.854392
2013_01_03_13_46_34_577817601  2601.000 8 16 95.000000 95.000000 0.000000 0.000000 15.89381675 74.48066375 60.58348925 7.039546 75.01865175 61.20622125 6.9220555 595.84531 484.667914 56.316368 600.149214 489.64977 55.376444
2013_01_03_13_46_57_218833902  2601.000 8 14 95.000000 95.000000 0.000000 0.000000 16.322941875 68.606521 54.734778 7.04288525 70.391503625 56.62152575 6.689080375 548.852168 437.878224 56.343082 563.132029 452.972206 53.512643
2013_01_03_13_47_20_619104938  2601.000 8 12 95.000000 95.000000 0.000000 0.000000 20.309161 62.020573375 48.3004915 6.373033875 62.087020625 48.47304825 6.20104325 496.164587 386.403932 50.984271 496.696165 387.784386 49.608346
2013_01_03_13_47_47_582596202  2601.000 8 10 95.000000 95.000000 0.000000 0.000000 21.450812875 55.6453935 41.95137825 6.57680025 56.99924325 43.424784625 6.249422 445.163148 335.611026 52.614402 455.993946 347.398277 49.995376
2013_01_03_13_48_15_725103480  2601.000 8 8 95.000000 95.000000 0.000000 0.000000 26.738615375 50.1736405 36.60836475 6.096670625 49.131262375 35.639357625 6.0792825 401.389124 292.866918 48.773365 393.050099 285.114861 48.63426
2013_01_03_13_48_49_276577357  2601.000 8 6 95.000000 95.000000 0.000000 0.000000 32.8047155 42.134153125 28.6426455 5.7381535 44.742989875 31.315343 5.9929805 337.073225 229.141164 45.905228 357.943919 250.522744 47.943844
2013_01_03_13_49_28_866336796  2601.000 8 4 95.000000 95.000000 0.000000 0.000000 45.494662125 36.436271375 23.0298895 5.5295555 37.66775575 24.321839375 5.6170675 291.490171 184.239116 44.236444 301.342046 194.574715 44.93654
2013_01_03_13_50_21_044605396  2601.000 16 16 95.000000 95.000000 0.000000 0.000000 8.3528374375 73.534801625 59.742900625 6.809213375 73.7490866875 60.0379038125 6.7903065 1176.556826 955.88641 108.947414 1179.985387 960.606461 108.644904
2013_01_03_13_50_35_827126296  2601.000 16 14 95.000000 95.000000 0.000000 0.000000 8.5519753125 68.6304009375 54.8564919375 6.8981251875 68.1915723125 54.526707625 6.568268125 1098.086415 877.703871 110.370003 1091.065157 872.427322 105.09229
2013_01_03_13_50_50_600990854  2601.000 16 12 95.000000 95.000000 0.000000 0.000000 10.6560478125 63.135186 49.492033375 6.258850375 59.2562645 45.728495625 6.166252625 1010.162976 791.872534 100.141606 948.100232 731.65593 98.660042
2013_01_03_13_51_07_923542511  2601.000 16 10 95.000000 95.000000 0.000000 0.000000 11.1688873125 55.517934375 41.9083145625 6.354911 55.8290064375 42.317998 6.157807625 888.28695 670.533033 101.678576 893.264103 677.087968 98.524922
2013_01_03_13_51_25_728946295  2601.000 16 8 95.000000 95.000000 0.000000 0.000000 13.763979375 48.9828978125 35.479137625 5.7553226875 49.11115125 35.6775745625 5.8980724375 783.726365 567.666202 92.085163 785.77842 570.841193 94.369159
2013_01_03_13_51_46_078152193  2601.000 16 6 95.000000 95.000000 0.000000 0.000000 16.6649375 42.564891625 29.130509375 5.59646875 43.8280464375 30.449509875 5.805973 681.038266 466.08815 89.5435 701.248743 487.192158 92.895568
2013_01_03_13_52_09_357603425  2601.000 16 4 95.000000 95.000000 0.000000 0.000000 22.9819708125 35.9222343125 22.5512614375 5.5164674375 37.8750824375 24.55735975 5.6022309375 574.755749 360.820183 88.263479 606.001319 392.917756 89.635695
2013_01_03_13_52_38_896447419  2601.000 32 16 95.000000 95.000000 0.000000 0.000000 5.90278815625 68.3034543125 54.77063171875 5.77499159375 68.31644075 54.85809084375 5.51721896875 2185.710538 1752.660215 184.799731 2186.126104 1755.458907 176.551007
2013_01_03_13_52_51_796141011  2601.000 32 14 95.000000 95.000000 0.000000 0.000000 4.987245875 67.1645695625 53.575718125 6.16323478125 66.05407746875 52.54570734375 5.93324203125 2149.266226 1714.42298 197.223513 2113.730479 1681.462635 189.863745
2013_01_03_13_53_03_655365166  2601.000 32 12 95.000000 95.000000 0.000000 0.000000 5.68544315625 60.79667921875 47.31332134375 5.84012028125 60.54109959375 47.12063396875 5.8528535 1945.493735 1514.026283 186.883849 1937.315187 1507.860287 187.291312
2013_01_03_13_53_15_914601639  2601.000 32 10 95.000000 95.000000 0.000000 0.000000 6.05373665625 55.97641496875 42.4946205 5.75437440625 54.2397345 40.83218271875 5.7890063125 1791.245279 1359.827856 184.139981 1735.671504 1306.629847 185.248202
2013_01_03_13_53_28_697285143  2601.000 32 8 95.000000 95.000000 0.000000 0.000000 7.29710078125 48.455930625 35.0525533125 5.5708013125 49.1704238125 35.82627615625 5.60094703125 1550.58978 1121.681706 178.265642 1573.453562 1146.440837 179.230305
2013_01_03_13_53_42_690836023  2601.000 32 6 95.000000 95.000000 0.000000 0.000000 8.8013508125 41.78720671875 28.431800375 5.30933134375 43.9010465 30.602066875 5.3444528125 1337.190615 909.817612 169.898603 1404.833488 979.26614 171.02249
2013_01_03_13_53_58_434725403  2601.000 32 4 95.000000 95.000000 0.000000 0.000000 11.8511553125 35.43846890625 22.12633653125 5.1913888125 38.0472860625 24.7898894375 5.0707683125 1134.031005 708.042769 166.124442 1217.513154 793.276462 162.264586
