id freq nodes cores pkg-clamp-0 pkg-clamp-1 dram-clamp-0 dram-clamp-1 avg-time avg-pkg-0 avg-pp0-0 avg-dram-0 avg-pkg-1 avg-pp0-1 avg-dram-1 tot-pkg-0 tot-pp0-0 tot-dram-0 tot-pkg-1 tot-pp0-1 tot-dram-1
2012_12_27_06_39_15_339833322  2601.000 8 16 115.000000 115.000000 0.000000 0.000000 41.527360625 94.436856875 80.29858 7.657039125 92.966327875 78.98787425 7.09475875 755.494855 642.38864 61.256313 743.730623 631.902994 56.75807
2012_12_27_06_40_03_348198162  2601.000 8 14 115.000000 115.000000 0.000000 0.000000 45.563565625 90.13990725 76.10723325 7.250069375 85.977201125 72.08537175 7.01837775 721.119258 608.857866 58.000555 687.817609 576.682974 56.147022
2012_12_27_06_40_54_490133015  2601.000 8 12 115.000000 115.000000 0.000000 0.000000 51.920463625 86.512872125 72.412553875 7.70107375 77.916183125 64.294769375 5.9856965 692.102977 579.300431 61.60859 623.329465 514.358155 47.885572
2012_12_27_06_41_51_926803095  2601.000 8 10 115.000000 115.000000 0.000000 0.000000 60.4559995 75.203967625 61.325241375 6.847226375 72.95306525 59.27105875 6.471007375 601.631741 490.601931 54.777811 583.624522 474.16847 51.768059
2012_12_27_06_42_57_992961790  2601.000 8 8 115.000000 115.000000 0.000000 0.000000 82.76460275 65.161868625 51.39176125 6.66093725 64.150290375 50.494887125 6.396255125 521.294949 411.13409 53.287498 513.202323 403.959097 51.170041
2012_12_27_06_44_27_767525291  2601.000 8 6 115.000000 115.000000 0.000000 0.000000 94.189420625 57.58024075 43.99939825 6.086569 56.452064875 42.748900625 6.816245125 460.641926 351.995186 48.692552 451.616519 341.991205 54.529961
2012_12_27_06_46_08_621865629  2601.000 8 4 115.000000 115.000000 0.000000 0.000000 136.6727595 49.50303 35.93907425 6.013274125 48.651563625 35.00608025 6.812849 396.02424 287.512594 48.106193 389.212509 280.048642 54.502792
2012_12_27_06_48_31_029588478  2601.000 16 16 115.000000 115.000000 0.000000 0.000000 21.4557440625 92.3545468125 78.2193296875 7.2830549375 90.43243725 76.3367804375 7.3461136875 1477.672749 1251.509275 116.528879 1446.918996 1221.388487 117.537819
2012_12_27_06_48_59_872923431  2601.000 16 14 115.000000 115.000000 0.000000 0.000000 23.4953290625 88.1093050625 74.1445145625 6.9543966875 84.50974725 70.6469211875 6.87710825 1409.748881 1186.312233 111.270347 1352.155956 1130.350739 110.033732
2012_12_27_06_49_30_058610549  2601.000 16 12 115.000000 115.000000 0.000000 0.000000 27.003679375 81.7794124375 67.9147995625 6.560000625 77.4160656875 63.5889263125 6.813939375 1308.470599 1086.636793 104.96001 1238.657051 1017.422821 109.02303
2012_12_27_06_50_03_447332075  2601.000 16 10 115.000000 115.000000 0.000000 0.000000 30.2211765625 72.2263939375 58.4245918125 6.5875275 73.1748131875 59.367022375 6.9271080625 1155.622303 934.793469 105.40044 1170.797011 949.872358 110.833729
2012_12_27_06_50_40_166657254  2601.000 16 8 115.000000 115.000000 0.000000 0.000000 37.8079055625 65.70595725 51.965658625 6.26188275 64.990939875 51.29381125 6.3968384375 1051.295316 831.450538 100.190124 1039.855038 820.70098 102.349415
2012_12_27_06_51_24_213359883  2601.000 16 6 115.000000 115.000000 0.000000 0.000000 46.779997125 56.393647375 42.78795925 5.880155125 56.9632165625 43.30452675 6.6491676875 902.298358 684.607348 94.082482 911.411465 692.872428 106.386683
2012_12_27_06_52_17_369025088  2601.000 16 4 115.000000 115.000000 0.000000 0.000000 72.607840625 48.4826160625 34.997342375 5.6064740625 48.3758345 34.709374125 6.7206021875 775.721857 559.957478 89.703585 774.013352 555.349986 107.529635
2012_12_27_06_53_36_660422424  2601.000 32 16 115.000000 115.000000 0.000000 0.000000 13.488914125 82.6690945 68.6678915625 6.74116734375 83.20642840625 69.24608371875 6.70231959375 2645.411024 2197.37253 215.717355 2662.605709 2215.874679 214.474227
2012_12_27_06_53_58_753624739  2601.000 32 14 115.000000 115.000000 0.000000 0.000000 12.60952459375 85.38069071875 71.5230204375 6.67588703125 85.14438421875 71.1870376875 7.21765271875 2732.182103 2288.736654 213.628385 2724.620295 2277.985206 230.964887
2012_12_27_06_54_18_971883635  2601.000 32 12 115.000000 115.000000 0.000000 0.000000 14.12005134375 80.1862323125 66.35811840625 6.5861364375 77.6623758125 63.848961125 6.7884085 2565.959434 2123.459789 210.756366 2485.196026 2043.166756 217.229072
2012_12_27_06_54_40_828034398  2601.000 32 10 115.000000 115.000000 0.000000 0.000000 16.40284440625 72.22278046875 58.43038609375 6.4865791875 70.05241825 56.28736834375 6.770908625 2311.128975 1869.772355 207.570534 2241.677384 1801.195787 216.669076
2012_12_27_06_55_04_841548326  2601.000 32 8 115.000000 115.000000 0.000000 0.000000 20.87703553125 63.10729353125 49.4762311875 5.93055725 63.81488253125 50.09726428125 6.6887479375 2019.433393 1583.239398 189.777832 2042.076241 1603.112457 214.039934
2012_12_27_06_55_33_729649779  2601.000 32 6 115.000000 115.000000 0.000000 0.000000 24.462611875 55.79003475 42.23157065625 5.86233203125 56.13062340625 42.4678778125 6.68210625 1785.281112 1351.410261 187.594625 1796.179949 1358.97209 213.8274
2012_12_27_06_56_05_759206643  2601.000 32 4 115.000000 115.000000 0.000000 0.000000 39.05132134375 46.29356765625 32.80100525 5.54300525 47.56761396875 33.97633603125 6.3522805625 1481.394165 1049.632168 177.376168 1522.163647 1087.242753 203.272978
2012_12_27_06_56_52_286608418  2601.000 8 16 51.000000 51.000000 0.000000 0.000000 61.68940775 50.439514625 36.812088 6.444098625 50.507802 36.810148375 7.05595125 403.516117 294.496704 51.552789 404.062416 294.481187 56.44761
2012_12_27_06_58_00_666550357  2601.000 8 14 51.000000 51.000000 0.000000 0.000000 65.03267025 50.34204425 36.708989625 6.541148125 50.52893025 36.873614125 6.82253075 402.736354 293.671917 52.329185 404.231442 294.988913 54.580246
2012_12_27_06_59_12_446242595  2601.000 8 12 51.000000 51.000000 0.000000 0.000000 70.8898205 50.133759125 36.52064275 6.30974925 50.37152275 36.759089375 6.522236125 401.070073 292.165142 50.477994 402.972182 294.072715 52.177889
2012_12_27_07_00_29_466233473  2601.000 8 10 51.000000 51.000000 0.000000 0.000000 77.771637625 48.65649025 35.133308875 5.754044125 49.222370625 35.623349375 6.55120425 389.251922 281.066471 46.032353 393.778965 284.986795 52.409634
2012_12_27_07_01_53_005866485  2601.000 8 8 51.000000 51.000000 0.000000 0.000000 95.272414625 49.19783325 35.5869595 6.390569 48.873017875 35.2770285 6.48471625 393.582666 284.695676 51.124552 390.984143 282.216228 51.87773
2012_12_27_07_03_34_115984845  2601.000 8 6 51.000000 51.000000 0.000000 0.000000 116.8267545 42.947109625 29.402325875 6.493176 42.5138 28.99999725 6.29381225 343.576877 235.218607 51.945408 340.1104 231.999978 50.350498
2012_12_27_07_05_37_622828636  2601.000 8 4 51.000000 51.000000 0.000000 0.000000 216.162871625 34.923213625 21.545391125 4.9455835 35.385051375 21.81388675 6.215214375 279.385709 172.363129 39.564668 283.080411 174.511094 49.721715
2012_12_27_07_09_20_497458268  2601.000 16 16 51.000000 51.000000 0.000000 0.000000 32.5986885 48.9488715625 35.3465975625 6.2003809375 49.58294625 35.8287844375 7.1400533125 783.181945 565.545561 99.206095 793.32714 573.260551 114.240853
2012_12_27_07_10_00_205462123  2601.000 16 14 51.000000 51.000000 0.000000 0.000000 33.25419675 49.2833684375 35.725400375 6.024378875 49.8063123125 36.1135855625 6.9169204375 788.533895 571.606406 96.390062 796.900997 577.817369 110.670727
2012_12_27_07_10_40_636484574  2601.000 16 12 51.000000 51.000000 0.000000 0.000000 36.1272155 48.832091125 35.26208625 6.0851304375 49.3597593125 35.7475703125 6.51387875 781.313458 564.19338 97.362087 789.756149 571.961125 104.22206
2012_12_27_07_11_23_953031643  2601.000 16 10 51.000000 51.000000 0.000000 0.000000 39.448624875 49.51495125 35.99986325 5.810159 49.69947625 36.06650675 6.6430916875 792.23922 575.997812 92.962544 795.19162 577.064108 106.289467
2012_12_27_07_12_10_545836349  2601.000 16 8 51.000000 51.000000 0.000000 0.000000 47.090436625 48.0330635 34.4340389375 6.340127 47.6756045 34.0827693125 6.410755375 768.529016 550.944623 101.442032 762.809672 545.324309 102.572086
2012_12_27_07_13_04_610507990  2601.000 16 6 51.000000 51.000000 0.000000 0.000000 59.02641925 41.9560411875 28.4599431875 5.963835 42.375821875 28.8169406875 6.4095568125 671.296659 455.359091 95.42136 678.01315 461.071051 102.552909
2012_12_27_07_14_10_474438499  2601.000 16 4 51.000000 51.000000 0.000000 0.000000 104.1239445625 33.78446775 20.3695213125 5.229220625 34.8675441875 21.354189375 5.8392359375 540.551484 325.912341 83.66753 557.880707 341.66703 93.427775
2012_12_27_07_16_01_431485160  2601.000 32 16 51.000000 51.000000 0.000000 0.000000 17.6961934375 48.6601766875 34.9896571875 6.63362690625 49.2911446875 35.64748409375 6.64382078125 1557.125654 1119.66903 212.276061 1577.31663 1140.719491 212.602265
2012_12_27_07_16_25_414859761  2601.000 32 14 51.000000 51.000000 0.000000 0.000000 17.84600784375 49.25225309375 35.64948696875 6.3915646875 49.670818375 36.09837765625 6.400940625 1576.072099 1140.783583 204.53007 1589.466188 1155.148085 204.8301
2012_12_27_07_16_49_696080045  2601.000 32 12 51.000000 51.000000 0.000000 0.000000 18.4896665 49.731792625 36.14403528125 6.24477571875 49.9228286875 36.2969038125 6.7648013125 1591.417364 1156.609129 199.832823 1597.530518 1161.500922 216.473642
2012_12_27_07_17_14_711813262  2601.000 32 10 51.000000 51.000000 0.000000 0.000000 20.09075771875 49.24324221875 35.67521359375 6.19423140625 49.58108784375 36.00750559375 6.43861428125 1575.783751 1141.606835 198.215405 1586.594811 1152.240179 206.035657
2012_12_27_07_17_40_699644354  2601.000 32 8 51.000000 51.000000 0.000000 0.000000 23.97577171875 47.71103234375 34.15316009375 6.07736496875 47.7656233125 34.1578079375 6.566370625 1526.753035 1092.901123 194.475679 1528.499946 1093.049854 210.12386
2012_12_27_07_18_10_792491578  2601.000 32 6 51.000000 51.000000 0.000000 0.000000 28.38425709375 41.8262871875 28.342836875 5.74406953125 43.2268423125 29.63714315625 6.594641875 1338.44119 906.97078 183.810225 1383.258954 948.388581 211.02854
2012_12_27_07_18_45_927592614  2601.000 32 4 51.000000 51.000000 0.000000 0.000000 47.50054975 34.85517634375 21.45820428125 5.37844078125 35.79248203125 22.24889215625 6.3146561875 1115.365643 686.662537 172.110105 1145.359425 711.964549 202.068998
2012_12_27_07_19_39_801959739  2601.000 8 16 65.000000 65.000000 0.000000 0.000000 52.735628125 62.039741 48.248375125 6.7707725 62.650702 48.949277625 6.420872125 496.317928 385.987001 54.16618 501.205616 391.594221 51.366977
2012_12_27_07_20_38_309813354  2601.000 8 14 65.000000 65.000000 0.000000 0.000000 55.294489375 62.345178625 48.722583 6.026029375 62.95586825 49.12434825 7.1600335 498.761429 389.780664 48.208235 503.646946 392.994786 57.280268
2012_12_27_07_21_39_219624632  2601.000 8 12 65.000000 65.000000 0.000000 0.000000 61.580596375 58.302270375 44.614857125 6.356575125 60.18843125 46.557823 6.41855275 466.418163 356.918857 50.852601 481.50745 372.462584 51.348422
2012_12_27_07_22_46_455099560  2601.000 8 10 65.000000 65.000000 0.000000 0.000000 71.9764055 56.39742025 42.7634535 6.264312125 53.06344675 39.414534125 6.67361425 451.179362 342.107628 50.114497 424.507574 315.316273 53.388914
2012_12_27_07_24_03_971852305  2601.000 8 8 65.000000 65.000000 0.000000 0.000000 96.01272475 47.244806375 33.674567125 5.969665375 47.584244625 33.964356375 6.383643875 377.958451 269.396537 47.757323 380.673957 271.714851 51.069151
2012_12_27_07_25_45_592157969  2601.000 8 6 65.000000 65.000000 0.000000 0.000000 120.44211525 40.858636875 27.360969 5.7735765 42.029308375 28.50499525 6.24260775 326.869095 218.887752 46.188612 336.234467 228.039962 49.940862
2012_12_27_07_27_51_607022002  2601.000 8 4 65.000000 65.000000 0.000000 0.000000 197.265233375 34.36312675 20.89534725 5.787687125 35.430565 21.9136425 6.027685375 274.905014 167.162778 46.301497 283.44452 175.30914 48.221483
2012_12_27_07_31_14_734210021  2601.000 16 16 65.000000 65.000000 0.000000 0.000000 27.28273 62.7833399375 49.0089000625 6.70847225 63.1210464375 49.28715 7.0558421875 1004.533439 784.142401 107.335556 1009.936743 788.5944 112.893475
2012_12_27_07_31_48_289012277  2601.000 16 14 65.000000 65.000000 0.000000 0.000000 29.0195645625 62.0916786875 48.4321053125 6.2868675625 62.0408386875 48.2760344375 6.95791575 993.466859 774.913685 100.589881 992.653419 772.416551 111.326652
2012_12_27_07_32_23_579872487  2601.000 16 12 65.000000 65.000000 0.000000 0.000000 31.3679544375 61.16065975 47.43436425 6.504416125 59.556152125 45.809223625 6.897556625 978.570556 758.949828 104.070658 952.898434 732.947578 110.360906
2012_12_27_07_33_00_697826604  2601.000 16 10 65.000000 65.000000 0.000000 0.000000 36.904607375 55.583542 41.8644981875 6.677282125 54.114281 40.4720269375 6.5298773125 889.336672 669.831971 106.836514 865.828496 647.552431 104.478037
2012_12_27_07_33_43_974770893  2601.000 16 8 65.000000 65.000000 0.000000 0.000000 47.19156825 48.4896933125 34.933142375 5.93850775 48.05375775 34.388121625 6.673055625 775.835093 558.930278 95.016124 768.860124 550.209946 106.76889
2012_12_27_07_34_37_710727733  2601.000 16 6 65.000000 65.000000 0.000000 0.000000 57.788918625 42.286069125 28.795418125 5.9141564375 42.4574780625 28.889309875 6.5213250625 676.577106 460.72669 94.626503 679.319649 462.228958 104.341201
2012_12_27_07_35_42_404804891  2601.000 16 4 65.000000 65.000000 0.000000 0.000000 108.2490438125 34.403153625 20.99967325 5.2498389375 34.7141869375 21.182549875 6.0278424375 550.450458 335.994772 83.997423 555.426991 338.920798 96.445479
2012_12_27_07_37_37_557622404  2601.000 32 16 65.000000 65.000000 0.000000 0.000000 15.2000083125 61.78277646875 47.9990135625 6.75641175 62.275478375 48.4543013125 6.986671125 1977.048847 1535.968434 216.205176 1992.815308 1550.537642 223.573476
2012_12_27_07_37_59_274274111  2601.000 32 14 65.000000 65.000000 0.000000 0.000000 15.14576834375 61.7709591875 48.112146625 6.34188621875 61.7207901875 48.080630875 6.4319284375 1976.670694 1539.588692 202.940359 1975.065286 1538.580188 205.82171
2012_12_27_07_38_20_667743289  2601.000 32 12 65.000000 65.000000 0.000000 0.000000 17.154006 59.47757925 45.77596584375 6.4515000625 57.94609459375 44.2694750625 6.5546756875 1903.282536 1464.830907 206.448002 1854.275027 1416.623202 209.749622
2012_12_27_07_38_43_573955386  2601.000 32 10 65.000000 65.000000 0.000000 0.000000 19.4181583125 54.29872553125 40.68729996875 6.23906809375 53.7943743125 40.07997825 6.9119165 1737.559217 1301.993599 199.650179 1721.419978 1282.559304 221.181328
2012_12_27_07_39_08_712905793  2601.000 32 8 65.000000 65.000000 0.000000 0.000000 24.07499075 48.234491625 34.65166396875 6.139302625 47.61559828125 34.0138973125 6.4333949375 1543.503732 1108.853247 196.457684 1523.699145 1088.444714 205.868638
2012_12_27_07_39_38_721121985  2601.000 32 6 65.000000 65.000000 0.000000 0.000000 30.92026784375 41.2015294375 27.72071459375 5.66558828125 41.91221121875 28.36280275 6.329876 1318.448942 887.062867 181.298825 1341.190759 907.609688 202.556032
2012_12_27_07_40_15_332178572  2601.000 32 4 65.000000 65.000000 0.000000 0.000000 48.02721678125 34.9523945 21.5395576875 5.47924803125 35.7329206875 22.203045625 6.33986978125 1118.476624 689.265846 175.335937 1143.453462 710.49746 202.875833
2012_12_27_07_41_09_409181360  2601.000 8 16 80.000000 80.000000 0.000000 0.000000 46.831228 77.045817875 63.0254005 7.315319875 76.31475625 62.23481775 7.78974425 616.366543 504.203204 58.522559 610.51805 497.878542 62.317954
2012_12_27_07_42_02_971979690  2601.000 8 14 80.000000 80.000000 0.000000 0.000000 53.2083075 73.28670425 59.33401025 7.273079125 67.04644825 53.133328 7.329711 586.293634 474.672082 58.184633 536.371586 425.066624 58.637688
2012_12_27_07_43_02_982631793  2601.000 8 12 80.000000 80.000000 0.000000 0.000000 61.3603495 63.9820735 50.157410125 7.0260615 61.805966375 48.05133425 6.870314 511.856588 401.259281 56.208492 494.447731 384.410674 54.962512
2012_12_27_07_44_10_974519585  2601.000 8 10 80.000000 80.000000 0.000000 0.000000 74.492354625 56.091039375 42.496169375 6.109673125 54.259013 40.5454735 6.8845505 448.728315 339.969355 48.877385 434.072104 324.363788 55.076404
2012_12_27_07_45_32_163219610  2601.000 8 8 80.000000 80.000000 0.000000 0.000000 95.33746575 48.3091225 34.690097 6.550888 48.6040795 34.974074625 6.646027875 386.47298 277.520776 52.407104 388.832636 279.792597 53.168223
2012_12_27_07_47_13_858004915  2601.000 8 6 80.000000 80.000000 0.000000 0.000000 118.022663 42.813851625 29.280553 6.1812985 42.47932475 28.949863375 6.230352625 342.510813 234.244424 49.450388 339.834598 231.598907 49.842821
2012_12_27_07_49_18_650382762  2601.000 8 4 80.000000 80.000000 0.000000 0.000000 209.102253375 34.9136905 21.476515125 5.3081615 35.32556225 21.797295125 6.081432 279.309524 171.812121 42.465292 282.604498 174.378361 48.651456
2012_12_27_07_52_54_105424199  2601.000 16 16 80.000000 80.000000 0.000000 0.000000 24.0370475625 74.9249793125 60.872827375 7.285477125 74.0710998125 59.9937584375 7.5159595625 1198.799669 973.965238 116.567634 1185.137597 959.900135 120.255353
2012_12_27_07_53_24_299556293  2601.000 16 14 80.000000 80.000000 0.000000 0.000000 27.4856020625 69.68471925 55.81800375 6.715785375 65.898936 51.9953245625 7.2358538125 1114.955508 893.08806 107.452566 1054.382976 831.925193 115.773661
2012_12_27_07_53_57_339870524  2601.000 16 12 80.000000 80.000000 0.000000 0.000000 31.28711975 63.490138375 49.7521691875 6.513056125 59.6551818125 45.8235248125 7.1027074375 1015.842214 796.034707 104.208898 954.482909 733.176397 113.643319
2012_12_27_07_54_34_356967300  2601.000 16 10 80.000000 80.000000 0.000000 0.000000 36.74637975 55.889717375 42.23814175 6.2971100625 54.3324369375 40.608528375 6.8433816875 894.235478 675.810268 100.753761 869.318991 649.736454 109.494107
2012_12_27_07_55_16_574741938  2601.000 16 8 80.000000 80.000000 0.000000 0.000000 47.58729225 48.278575625 34.6865949375 6.0942258125 48.320968875 34.6716485625 6.6593588125 772.45721 554.985519 97.507613 773.135502 554.746377 106.549741
2012_12_27_07_56_10_072114346  2601.000 16 6 80.000000 80.000000 0.000000 0.000000 59.3540370625 41.412957 27.9315268125 5.7389665 42.62968375 29.058097375 6.473594875 662.607312 446.904429 91.823464 682.07494 464.929558 103.577518
2012_12_27_07_57_15_960864061  2601.000 16 4 80.000000 80.000000 0.000000 0.000000 107.946653375 34.1816146875 20.748685875 5.4286721875 34.7842195 21.2875621875 5.9068179375 546.905835 331.978974 86.858755 556.547512 340.600995 94.509087
2012_12_27_07_59_10_669827195  2601.000 32 16 80.000000 80.000000 0.000000 0.000000 13.913578375 70.5263241875 56.557174625 6.9581386875 70.6309810625 56.6200744375 7.26826890625 2256.842374 1809.829588 222.660438 2260.191394 1811.842382 232.584605
2012_12_27_07_59_30_726833253  2601.000 32 14 80.000000 80.000000 0.000000 0.000000 14.4711425 69.09525296875 55.2878911875 6.546504375 65.33084690625 51.420555125 7.33689403125 2211.048095 1769.212518 209.48814 2090.587101 1645.457764 234.780609
2012_12_27_07_59_51_313113261  2601.000 32 12 80.000000 80.000000 0.000000 0.000000 15.5079145 63.54338628125 49.7885010625 6.7158781875 60.23375290625 46.474949875 7.02148434375 2033.388361 1593.232034 214.908102 1927.480093 1487.198396 224.687499
2012_12_27_08_00_13_113039106  2601.000 32 10 80.000000 80.000000 0.000000 0.000000 18.944907625 54.83000753125 41.15561321875 6.562977875 54.6199173125 40.94310796875 6.70838178125 1754.560241 1316.979623 210.015292 1747.837354 1310.179455 214.668217
2012_12_27_08_00_38_444890227  2601.000 32 8 80.000000 80.000000 0.000000 0.000000 23.65520803125 47.758708 34.22559059375 5.9294004375 48.85985971875 35.1959270625 6.7944443125 1528.278656 1095.218899 189.740814 1563.515511 1126.269666 217.422218
2012_12_27_08_01_08_608972755  2601.000 32 6 80.000000 80.000000 0.000000 0.000000 30.728399375 40.38629990625 26.9239775 5.73077046875 41.96633821875 28.4080859375 6.30770296875 1292.361597 861.56728 183.384655 1342.922823 909.05875 201.846495
2012_12_27_08_01_45_838034173  2601.000 32 4 80.000000 80.000000 0.000000 0.000000 45.53084396875 34.51383025 21.1139583125 5.49459828125 35.69461884375 22.1617760625 6.23749453125 1104.442568 675.646666 175.827145 1142.227803 709.176834 199.599825
2012_12_27_08_02_38_222715502  2601.000 8 16 95.000000 95.000000 0.000000 0.000000 46.7920755 74.52423075 60.46258275 7.479216 74.031283625 60.11973575 6.981555125 596.193846 483.700662 59.833728 592.250269 480.957886 55.852441
2012_12_27_08_03_30_994616729  2601.000 8 14 95.000000 95.000000 0.000000 0.000000 53.034288 73.163726875 59.2483265 7.0800375 67.544568 53.614275875 7.544720625 585.309815 473.986612 56.6403 540.356544 428.914207 60.357765
2012_12_27_08_04_29_745668374  2601.000 8 12 95.000000 95.000000 0.000000 0.000000 61.12536475 62.61073125 48.859805875 6.635495625 59.851074 46.099650875 6.88513125 500.88585 390.878447 53.083965 478.808592 368.797207 55.08105
2012_12_27_08_05_36_528769484  2601.000 8 10 95.000000 95.000000 0.000000 0.000000 71.583721125 54.140209375 40.4206715 6.695846 55.463172125 41.8453365 6.2573815 433.121675 323.365372 53.566768 443.705377 334.762692 50.059052
2012_12_27_08_06_53_810117095  2601.000 8 8 95.000000 95.000000 0.000000 0.000000 94.96878325 47.043070875 33.50276175 5.69866325 48.025438 34.367189 6.633787 376.344567 268.022094 45.589306 384.203504 274.937512 53.070296
2012_12_27_08_08_35_110172887  2601.000 8 6 95.000000 95.000000 0.000000 0.000000 123.75314275 41.821083 28.301304 5.7823815 41.153227875 27.620600875 6.22867225 334.568664 226.410432 46.259052 329.225823 220.964807 49.829378
2012_12_27_08_10_45_414617488  2601.000 8 4 95.000000 95.000000 0.000000 0.000000 201.497552125 35.3916255 21.9167195 5.85751425 35.65226425 22.089896625 6.39654525 283.133004 175.333756 46.860114 285.218114 176.719173 51.172362
2012_12_27_08_14_13_480248967  2601.000 16 16 95.000000 95.000000 0.000000 0.000000 24.0252323125 74.8410329375 60.82247 7.170543375 74.0097568125 59.9405568125 7.6155656875 1197.456527 973.15952 114.728694 1184.156109 959.048909 121.849051
2012_12_27_08_14_44_095532536  2601.000 16 14 95.000000 95.000000 0.000000 0.000000 27.5644539375 68.8144634375 54.9621859375 6.54634825 66.0317935 52.0874795625 7.2879298125 1101.031415 879.394975 104.741572 1056.508696 833.399673 116.606877
2012_12_27_08_15_18_121665013  2601.000 16 12 95.000000 95.000000 0.000000 0.000000 31.0078905 61.9436325625 48.1925814375 6.6038323125 59.7144495 45.920039625 7.0230860625 991.098121 771.081303 105.661317 955.431192 734.720634 112.369377
2012_12_27_08_15_55_972544895  2601.000 16 10 95.000000 95.000000 0.000000 0.000000 37.294929875 53.9047959375 40.255351375 6.302840875 54.629081625 40.918141 6.7201616875 862.476735 644.085622 100.845454 874.065306 654.690256 107.522587
2012_12_27_08_16_40_091888189  2601.000 16 8 95.000000 95.000000 0.000000 0.000000 48.3186635625 45.3960096875 31.8442913125 5.779936625 47.970588375 34.340492875 6.5147970625 726.336155 509.508661 92.478986 767.529414 549.447886 104.236753
2012_12_27_08_17_34_972236360  2601.000 16 6 95.000000 95.000000 0.000000 0.000000 58.4674964375 42.2834153125 28.784962125 5.8132873125 42.2596264375 28.6955584375 6.35910925 676.534645 460.559394 93.012597 676.154023 459.128935 101.745748
2012_12_27_08_18_40_536264911  2601.000 16 4 95.000000 95.000000 0.000000 0.000000 102.4986964375 34.325420125 20.9134313125 5.4667018125 35.547045875 21.99723625 6.084989625 549.206722 334.614901 87.467229 568.752734 351.95578 97.359834
2012_12_27_08_20_29_540952340  2601.000 32 16 95.000000 95.000000 0.000000 0.000000 13.1519378125 73.25431625 59.32967703125 6.84149640625 73.1488840625 59.06398196875 7.717741625 2344.13812 1898.549665 218.927885 2340.76429 1890.047423 246.967732
2012_12_27_08_20_49_423079234  2601.000 32 14 95.000000 95.000000 0.000000 0.000000 14.24334534375 67.076778125 53.2944740625 6.6759506875 66.8727414375 53.0041294375 7.20242865625 2146.4569 1705.42317 213.630422 2139.927726 1696.132142 230.477717
2012_12_27_08_21_09_813586320  2601.000 32 12 95.000000 95.000000 0.000000 0.000000 15.737458125 62.62875 48.854417125 6.81814034375 60.35013465625 46.57980421875 7.00134403125 2004.12 1563.341348 218.180491 1931.204309 1490.553735 224.043009
2012_12_27_08_21_31_875750019  2601.000 32 10 95.000000 95.000000 0.000000 0.000000 19.196756125 55.3334505 41.6688025 6.48311934375 53.4923645 39.815439 6.6453625 1770.670416 1333.40168 207.459819 1711.755664 1274.094048 212.6516
2012_12_27_08_21_57_864019051  2601.000 32 8 95.000000 95.000000 0.000000 0.000000 22.41200259375 49.31345775 35.744099625 6.19567109375 48.4400075625 34.7976601875 6.8256336875 1578.030648 1143.811188 198.261475 1550.080242 1113.525126 218.420278
2012_12_27_08_22_26_642232625  2601.000 32 6 95.000000 95.000000 0.000000 0.000000 30.22102215625 41.66238784375 28.1901561875 5.80801071875 42.165756125 28.59119575 6.53889178125 1333.196411 902.084998 185.856343 1349.304196 914.918264 209.244537
2012_12_27_08_23_03_698792415  2601.000 32 4 95.000000 95.000000 0.000000 0.000000 44.09859 34.69707765625 21.28903884375 5.509324125 36.1456554375 22.613770875 6.42155696875 1110.306485 681.249243 176.298372 1156.660974 723.640668 205.489823
