id freq nodes cores pkg-clamp-0 pkg-clamp-1 dram-clamp-0 dram-clamp-1 avg-time avg-pkg-0 avg-pp0-0 avg-dram-0 avg-pkg-1 avg-pp0-1 avg-dram-1 tot-pkg-0 tot-pp0-0 tot-dram-0 tot-pkg-1 tot-pp0-1 tot-dram-1
2012_12_27_08_24_04_068317245  2601.000 8 16 115.000000 115.000000 0.000000 0.000000 17.077687 85.93133725 72.646366125 4.828684375 84.182392875 70.94445225 2.0612495 687.450698 581.170929 38.629475 673.459143 567.555618 16.489996
2012_12_27_08_24_27_182440906  2601.000 8 14 115.000000 115.000000 0.000000 0.000000 18.460276375 84.350256125 71.034366625 4.93876725 79.852079 66.597842375 2.510836125 674.802049 568.274933 39.510138 638.816632 532.782739 20.086689
2012_12_27_08_24_51_421509462  2601.000 8 12 115.000000 115.000000 0.000000 0.000000 21.175453 79.195876625 65.86976125 4.95132775 72.101535 58.84764675 2.2533355 633.567013 526.95809 39.610622 576.81228 470.781174 18.026684
2012_12_27_08_25_18_441519021  2601.000 8 10 115.000000 115.000000 0.000000 0.000000 24.737467625 70.369047875 57.036734875 4.9500355 67.867003375 54.618158625 2.262747 562.952383 456.293879 39.600284 542.936027 436.945269 18.101976
2012_12_27_08_25_48_732222545  2601.000 8 8 115.000000 115.000000 0.000000 0.000000 30.04513925 64.198274375 50.873493875 4.949279375 62.042700625 48.79885425 2.213031 513.586195 406.987951 39.594235 496.341605 390.390834 17.704248
2012_12_27_08_26_25_153545225  2601.000 8 6 115.000000 115.000000 0.000000 0.000000 39.96061725 54.468355375 41.16506925 4.947488875 54.066321625 40.83093125 2.1799665 435.746843 329.320554 39.579911 432.530573 326.64745 17.439732
2012_12_27_08_27_10_911939816  2601.000 8 4 115.000000 115.000000 0.000000 0.000000 58.385772 47.81242125 34.517954125 4.95117875 46.53861975 33.322636125 2.17830775 382.49937 276.143633 39.60943 372.308958 266.581089 17.426462
2012_12_27_08_28_15_373234014  2601.000 16 16 115.000000 115.000000 0.000000 0.000000 9.291806625 81.768120875 68.5021996875 4.6752889375 78.8839000625 65.652657375 2.1170981875 1308.289934 1096.035195 74.804623 1262.142401 1050.442518 33.873571
2012_12_27_08_28_32_568509700  2601.000 16 14 115.000000 115.000000 0.000000 0.000000 9.254157375 84.1169500625 70.8354054375 4.920825625 78.802235875 65.562968875 2.2321141875 1345.871201 1133.366487 78.73321 1260.835774 1049.007502 35.713827
2012_12_27_08_28_48_845278168  2601.000 16 12 115.000000 115.000000 0.000000 0.000000 10.611596625 74.4496016875 61.163631875 4.9222791875 75.4390401875 62.1983915 2.3538980625 1191.193627 978.61811 78.756467 1207.024643 995.174264 37.662369
2012_12_27_08_29_05_743093656  2601.000 16 10 115.000000 115.000000 0.000000 0.000000 12.4914041875 69.1475635625 55.853851125 4.9246815 67.209391 53.964526875 2.2189376875 1106.361017 893.661618 78.794904 1075.350256 863.43243 35.503003
2012_12_27_08_29_24_554149497  2601.000 16 8 115.000000 115.000000 0.000000 0.000000 16.12356375 61.372318 48.0787125625 4.788089375 58.9346098125 45.701310375 2.2396084375 981.957088 769.259401 76.60943 942.953757 731.220966 35.833735
2012_12_27_08_29_48_032339611  2601.000 16 6 115.000000 115.000000 0.000000 0.000000 19.977772875 53.1375634375 39.8547464375 4.9395653125 54.80816425 41.57268225 2.2658741875 850.201015 637.675943 79.033045 876.930628 665.162916 36.253987
2012_12_27_08_30_14_549286713  2601.000 16 4 115.000000 115.000000 0.000000 0.000000 29.195793875 46.8518665 33.5793600625 4.9502770625 46.827523375 33.5980966875 2.1734714375 749.629864 537.269761 79.204433 749.240374 537.569547 34.775543
2012_12_27_08_30_50_533463691  2601.000 32 16 115.000000 115.000000 0.000000 0.000000 5.2225311875 75.263153875 62.019136625 4.4523565 73.7345926875 60.52148421875 2.115103375 2408.420924 1984.612372 142.475408 2359.506966 1936.687495 67.683308
2012_12_27_08_31_03_924543117  2601.000 32 14 115.000000 115.000000 0.000000 0.000000 4.6739304375 80.43871509375 67.184339 4.885453375 81.7760360625 68.552092 2.34895809375 2574.038883 2149.898848 156.334508 2616.833154 2193.666944 75.166659
2012_12_27_08_31_15_623824906  2601.000 32 12 115.000000 115.000000 0.000000 0.000000 5.39201428125 74.19477240625 60.93869725 4.8913653125 73.870272375 60.6462731875 2.2905914375 2374.232717 1950.038312 156.52369 2363.848716 1940.680742 73.298926
2012_12_27_08_31_28_143495455  2601.000 32 10 115.000000 115.000000 0.000000 0.000000 6.30759159375 68.41398746875 55.153296125 4.89136690625 67.17663740625 53.95105578125 2.21438409375 2189.247599 1764.905476 156.523741 2149.652397 1726.433785 70.860291
2012_12_27_08_31_41_671431669  2601.000 32 8 115.000000 115.000000 0.000000 0.000000 7.6548933125 62.0387735 48.7757075 4.90054375 61.1500875625 47.9266204375 2.205384 1985.240752 1560.82264 156.8174 1956.802802 1533.651854 70.572288
2012_12_27_08_31_56_645540592  2601.000 32 6 115.000000 115.000000 0.000000 0.000000 10.0265225625 53.97015475 40.71086003125 4.90519234375 53.3273751875 40.105122125 2.1581586875 1727.044952 1302.747521 156.966155 1706.476006 1283.363908 69.061078
2012_12_27_08_32_13_637482791  2601.000 32 4 115.000000 115.000000 0.000000 0.000000 14.6396896875 45.84428584375 32.59307365625 4.9112898125 47.3687081875 34.1473940625 2.1986071875 1467.017147 1042.978357 157.161274 1515.798662 1092.71661 70.35543
2012_12_27_08_32_35_664812561  2601.000 8 16 51.000000 51.000000 0.000000 0.000000 24.256672375 50.79318775 37.535038375 4.938856375 50.7599585 37.54269425 2.058937625 406.345502 300.280307 39.510851 406.079668 300.341554 16.471501
2012_12_27_08_33_06_275951446  2601.000 8 14 51.000000 51.000000 0.000000 0.000000 26.309894625 50.67646375 37.4150015 4.908417625 50.634581625 37.41822475 2.1495535 405.41171 299.320012 39.267341 405.076653 299.345798 17.196428
2012_12_27_08_33_39_883463676  2601.000 8 12 51.000000 51.000000 0.000000 0.000000 28.307060875 50.68809825 37.424609625 4.911261625 50.4361735 37.223226125 2.135047125 405.504786 299.396877 39.290093 403.489388 297.785809 17.080377
2012_12_27_08_34_14_981053314  2601.000 8 10 51.000000 51.000000 0.000000 0.000000 31.59271075 49.195298125 35.923869875 4.9157325 50.563598 37.352083125 2.126150125 393.562385 287.390959 39.32586 404.508784 298.816665 17.009201
2012_12_27_08_34_53_701376344  2601.000 8 8 51.000000 51.000000 0.000000 0.000000 36.95640875 47.044348375 33.770504375 4.949803625 46.113053 32.902480875 1.98461175 376.354787 270.164035 39.598429 368.904424 263.219847 15.876894
2012_12_27_08_35_37_035523371  2601.000 8 6 51.000000 51.000000 0.000000 0.000000 49.234482625 41.000248375 27.73776875 4.953828875 40.494929875 27.278264375 1.941558375 328.001987 221.90215 39.630631 323.959439 218.226115 15.532467
2012_12_27_08_36_32_552393167  2601.000 8 4 51.000000 51.000000 0.000000 0.000000 73.77941125 35.11187925 21.8561785 5.244830875 34.7493585 21.5227385 2.15521175 280.895034 174.849428 41.958647 277.994868 172.181908 17.241694
2012_12_27_08_37_52_549864879  2601.000 16 16 51.000000 51.000000 0.000000 0.000000 12.147541375 50.88793625 37.6544216875 5.0060355 50.8866381875 37.6726035625 2.0650805625 814.20698 602.470747 80.096568 814.186211 602.761657 33.041289
2012_12_27_08_38_11_592648108  2601.000 16 14 51.000000 51.000000 0.000000 0.000000 13.3971009375 50.9470516875 37.7047989375 4.9578169375 50.4868308125 37.264417375 2.0796608125 815.152827 603.276783 79.325071 807.789293 596.230678 33.274573
2012_12_27_08_38_32_444823798  2601.000 16 12 51.000000 51.000000 0.000000 0.000000 14.247952 50.7761985 37.5189624375 4.9705721875 50.2455028125 37.0294895 2.1757045625 812.419176 600.303399 79.529155 803.928045 592.471832 34.811273
2012_12_27_08_38_54_284256635  2601.000 16 10 51.000000 51.000000 0.000000 0.000000 15.7946851875 49.77223425 36.5126535625 4.9900925625 49.9082123125 36.6858593125 2.181016125 796.355748 584.202457 79.841481 798.531397 586.973749 34.896258
2012_12_27_08_39_17_095941602  2601.000 16 8 51.000000 51.000000 0.000000 0.000000 18.678310125 45.4716413125 32.218095875 5.0074899375 46.8143126875 33.588858875 2.1381444375 727.546261 515.489534 80.119839 749.029003 537.421742 34.210311
2012_12_27_08_39_43_307600298  2601.000 16 6 51.000000 51.000000 0.000000 0.000000 24.624054 40.4849390625 27.2352521875 5.040332625 40.68098325 27.4598279375 2.1756016875 647.759025 435.764035 80.645322 650.895732 439.357247 34.809627
2012_12_27_08_40_14_740027258  2601.000 16 4 51.000000 51.000000 0.000000 0.000000 36.811435875 35.1620640625 21.9212109375 5.083192375 34.5911405 21.3769926875 2.0700569375 562.593025 350.739375 81.331078 553.458248 342.031883 33.120911
2012_12_27_08_40_58_345973515  2601.000 32 16 51.000000 51.000000 0.000000 0.000000 6.12363078125 51.045915125 37.82096609375 4.97081453125 51.046166875 37.8447986875 2.14186275 1633.469284 1210.270915 159.066065 1633.47734 1211.033558 68.539608
2012_12_27_08_41_11_723404969  2601.000 32 14 51.000000 51.000000 0.000000 0.000000 6.70285475 51.21668621875 37.98744959375 4.9609848125 51.03978171875 37.833337 2.26565271875 1638.933959 1215.598387 158.751514 1633.273015 1210.666784 72.500887
2012_12_27_08_41_25_685736751  2601.000 32 12 51.000000 51.000000 0.000000 0.000000 7.2512051875 50.743489 37.510966 4.9390775625 50.0686528125 36.85776834375 2.24189271875 1623.791648 1200.350912 158.050482 1602.19689 1179.448587 71.740567
2012_12_27_08_41_40_856949626  2601.000 32 10 51.000000 51.000000 0.000000 0.000000 7.8968091875 49.68962146875 36.45301134375 4.96761375 50.13140228125 36.9205039375 2.26926490625 1590.067887 1166.496363 158.96364 1604.204873 1181.456126 72.616477
2012_12_27_08_41_56_845497993  2601.000 32 8 51.000000 51.000000 0.000000 0.000000 9.386260125 45.35900796875 32.12258040625 4.96252828125 46.6408445 33.4288629375 2.2114740625 1451.488255 1027.922573 158.800905 1492.507024 1069.723614 70.76717
2012_12_27_08_42_13_616253776  2601.000 32 6 51.000000 51.000000 0.000000 0.000000 12.26810325 40.07200196875 26.835790125 4.99646834375 41.1253298125 27.91567209375 2.21185503125 1282.304063 858.745284 159.886987 1316.010554 893.301507 70.779361
2012_12_27_08_42_32_825301035  2601.000 32 4 51.000000 51.000000 0.000000 0.000000 18.3790521875 34.3982275 21.1669318125 5.00079428125 35.3017899375 22.09723796875 2.18004625 1100.74328 677.341818 160.025417 1129.657278 707.111615 69.76148
2012_12_27_08_42_58_267723902  2601.000 8 16 65.000000 65.000000 0.000000 0.000000 20.22079575 64.5452415 51.28359675 4.9375405 64.416642875 51.199320625 1.99704375 516.361932 410.268774 39.500324 515.333143 409.594565 15.97635
2012_12_27_08_43_24_173401138  2601.000 8 14 65.000000 65.000000 0.000000 0.000000 21.984922375 62.6017865 49.321586875 4.942429625 63.504696875 50.279051125 2.106509125 500.814292 394.572695 39.539437 508.037575 402.232409 16.852073
2012_12_27_08_43_51_863081066  2601.000 8 12 65.000000 65.000000 0.000000 0.000000 24.800669125 58.278474375 44.980934125 5.24035375 58.408904625 45.169029125 2.339602375 466.227795 359.847473 41.92283 467.271237 361.352233 18.716819
2012_12_27_08_44_23_234787923  2601.000 8 10 65.000000 65.000000 0.000000 0.000000 29.53218425 51.59564875 38.320861625 4.95399075 53.855570875 40.636835375 2.150135375 412.76519 306.566893 39.631926 430.844567 325.094683 17.201083
2012_12_27_08_44_58_336879137  2601.000 8 8 65.000000 65.000000 0.000000 0.000000 36.9447925 46.994884 33.718608375 4.953198375 46.394921125 33.1871365 2.068898625 375.959072 269.748867 39.625587 371.159369 265.497092 16.551189
2012_12_27_08_45_40_924152488  2601.000 8 6 65.000000 65.000000 0.000000 0.000000 49.20532225 40.926523875 27.664451625 4.9561705 40.787895 27.5713405 2.15654175 327.412191 221.315613 39.649364 326.30316 220.570724 17.252334
2012_12_27_08_46_35_617231824  2601.000 8 4 65.000000 65.000000 0.000000 0.000000 73.7780075 35.3390965 22.098669625 4.958079 34.612230375 21.397143625 2.069748625 282.712772 176.789357 39.664632 276.897843 171.177149 16.557989
2012_12_27_08_47_55_152530399  2601.000 16 16 65.000000 65.000000 0.000000 0.000000 10.183071 64.6251519375 51.3795819375 5.031867375 64.3404389375 51.123203625 2.0322660625 1034.002431 822.073311 80.509878 1029.447023 817.971258 32.516257
2012_12_27_08_48_12_212171889  2601.000 16 14 65.000000 65.000000 0.000000 0.000000 11.2493171875 63.2267186875 49.9692150625 5.026605875 59.94121525 46.717485 2.1290965625 1011.627499 799.507441 80.425694 959.059444 747.47976 34.065545
2012_12_27_08_48_30_678478251  2601.000 16 12 65.000000 65.000000 0.000000 0.000000 12.4134159375 59.3815955625 46.1187473125 5.0482273125 57.066554625 43.8398695 2.2395276875 950.105529 737.899957 80.771637 913.064874 701.437912 35.832443
2012_12_27_08_48_50_113948881  2601.000 16 10 65.000000 65.000000 0.000000 0.000000 14.765186875 51.70087675 38.43886625 5.0507609375 53.11683225 39.88930525 2.1669875 827.214028 615.02186 80.812175 849.869316 638.228884 34.6718
2012_12_27_08_49_11_507043391  2601.000 16 8 65.000000 65.000000 0.000000 0.000000 18.4256464375 47.0361594375 33.774185625 5.067516875 45.95332675 32.7262005 2.1428929375 752.578551 540.38697 81.08027 735.253228 523.619208 34.286287
2012_12_27_08_49_36_805632268  2601.000 16 6 65.000000 65.000000 0.000000 0.000000 24.525282375 40.364701875 27.1104620625 5.074452875 40.9308430625 27.709449375 2.1812990625 645.83523 433.767393 81.191246 654.893489 443.35119 34.900785
2012_12_27_08_50_07_665651286  2601.000 16 4 65.000000 65.000000 0.000000 0.000000 36.819919 34.872726375 21.630331875 5.083359125 34.9096854375 21.694208875 2.1272784375 557.963622 346.08531 81.333746 558.554967 347.107342 34.036455
2012_12_27_08_50_51_243399168  2601.000 32 16 65.000000 65.000000 0.000000 0.000000 5.1933313125 64.3362193125 51.1043599375 4.92052590625 64.070548875 50.8632291875 2.16159734375 2058.759018 1635.339518 157.456829 2050.257564 1627.623334 69.171115
2012_12_27_08_51_04_023803274  2601.000 32 14 65.000000 65.000000 0.000000 0.000000 5.6066050625 62.0056081875 48.76897809375 4.95673790625 61.8564146875 48.64543465625 2.33711325 1984.179462 1560.607299 158.615613 1979.40527 1556.653909 74.787624
2012_12_27_08_51_17_022967154  2601.000 32 12 65.000000 65.000000 0.000000 0.000000 6.278028125 58.12602434375 44.88706865625 4.9645306875 57.322375875 44.10839659375 2.38608925 1860.032779 1436.386197 158.864982 1834.316028 1411.468691 76.354856
2012_12_27_08_51_30_593811197  2601.000 32 10 65.000000 65.000000 0.000000 0.000000 7.51381553125 51.494978625 38.25443109375 4.953446125 52.25550778125 39.0418415 2.3539759375 1647.839316 1224.141795 158.510276 1672.176249 1249.338928 75.32723
2012_12_27_08_51_45_473816437  2601.000 32 8 65.000000 65.000000 0.000000 0.000000 9.2994925625 46.01340190625 32.77377790625 4.96962371875 46.67504053125 33.46105171875 2.3230521875 1472.428861 1048.760893 159.027959 1493.601297 1070.753655 74.33767
2012_12_27_08_52_01_890972679  2601.000 32 6 65.000000 65.000000 0.000000 0.000000 12.272624625 40.8605445625 27.6238030625 4.99881928125 40.3473030625 27.13768090625 2.32708709375 1307.537426 883.961698 159.962217 1291.113698 868.405789 74.466787
2012_12_27_08_52_21_247589212  2601.000 32 4 65.000000 65.000000 0.000000 0.000000 18.39089265625 34.60453240625 21.3718311875 5.00521471875 35.10333271875 21.90008684375 2.294294 1107.345037 683.898598 160.166871 1123.306647 700.802779 73.417408
2012_12_27_08_52_46_695019317  2601.000 8 16 80.000000 80.000000 0.000000 0.000000 18.494638625 71.400343625 58.12677725 4.951532625 70.52915525 57.306283625 1.97185225 571.202749 465.014218 39.612261 564.233242 458.450269 15.774818
2012_12_27_08_53_10_795134119  2601.000 8 14 80.000000 80.000000 0.000000 0.000000 21.09435175 64.78682875 51.500175125 4.954573875 64.966489 51.74021975 2.208447375 518.29463 412.001401 39.636591 519.731912 413.921758 17.667579
2012_12_27_08_53_37_499637394  2601.000 8 12 80.000000 80.000000 0.000000 0.000000 24.570630875 60.017646 46.73092825 4.952149125 57.6073595 44.3818435 2.1125445 480.141168 373.847426 39.617193 460.858876 355.054748 16.900356
2012_12_27_08_54_07_806678094  2601.000 8 10 80.000000 80.000000 0.000000 0.000000 29.517202875 52.63176225 39.346321625 4.954223875 52.900961125 39.6811725 2.24801125 421.054098 314.770573 39.633791 423.207689 317.44938 17.98409
2012_12_27_08_54_42_951052343  2601.000 8 8 80.000000 80.000000 0.000000 0.000000 36.748248625 47.2032155 33.9284615 4.95496775 46.311437875 33.096101875 2.1425175 377.625724 271.427692 39.639742 370.491503 264.768815 17.14014
2012_12_27_08_55_25_492578262  2601.000 8 6 80.000000 80.000000 0.000000 0.000000 49.030997125 40.94325375 27.678991375 4.9544795 40.61440775 27.39554925 2.10113575 327.54603 221.431931 39.635836 324.915262 219.164394 16.809086
2012_12_27_08_56_20_223040837  2601.000 8 4 80.000000 80.000000 0.000000 0.000000 73.541324375 35.03810725 21.79794225 4.95957925 34.99603 21.7793165 2.27306375 280.304858 174.383538 39.676634 279.96824 174.234532 18.18451
2012_12_27_08_57_39_593857746  2601.000 16 16 80.000000 80.000000 0.000000 0.000000 9.32568225 70.825988375 57.575169625 5.04369075 69.6934999375 56.47199625 2.0836036875 1133.215814 921.202714 80.699052 1115.095999 903.55194 33.337659
2012_12_27_08_57_55_702664080  2601.000 16 14 80.000000 80.000000 0.000000 0.000000 10.588002875 63.9410939375 50.6806236875 5.038376125 64.612225375 51.3847174375 2.324127375 1023.057503 810.889979 80.614018 1033.795606 822.155479 37.186038
2012_12_27_08_58_13_126975889  2601.000 16 12 80.000000 80.000000 0.000000 0.000000 12.359286 59.0737273125 45.8095104375 5.0376618125 57.5909248125 44.362186 2.2196259375 945.179637 732.952167 80.602589 921.454797 709.794976 35.514015
2012_12_27_08_58_32_375294785  2601.000 16 10 80.000000 80.000000 0.000000 0.000000 14.8582415625 53.454492125 40.1913733125 4.9949120625 51.0585976875 37.8314433125 2.308716875 855.271874 643.061973 79.918593 816.937563 605.303093 36.93947
2012_12_27_08_58_54_123302064  2601.000 16 8 80.000000 80.000000 0.000000 0.000000 18.464312125 46.54417825 33.2842939375 5.022414375 46.4403666875 33.216880625 2.4054215 744.706852 532.548703 80.35863 743.045867 531.47009 38.486744
2012_12_27_08_59_19_507202664  2601.000 16 6 80.000000 80.000000 0.000000 0.000000 24.581304875 40.1494138125 26.8948701875 5.0299833125 40.9832558125 27.762438 2.2426385 642.390621 430.317923 80.479733 655.732093 444.199008 35.882216
2012_12_27_08_59_50_891946166  2601.000 16 4 80.000000 80.000000 0.000000 0.000000 36.8220384375 35.176107 21.9341869375 5.0432150625 34.604755625 21.3901623125 2.2305043125 562.817712 350.946991 80.691441 553.67609 342.242597 35.688069
2012_12_27_09_00_34_570981441  2601.000 32 16 80.000000 80.000000 0.000000 0.000000 4.72442946875 70.24779878125 57.01292259375 4.9161 69.49754084375 56.28827434375 2.09442528125 2247.929561 1824.413523 157.3152 2223.921307 1801.224779 67.021609
2012_12_27_09_00_46_624492819  2601.000 32 14 80.000000 80.000000 0.000000 0.000000 5.364049375 65.887895875 52.64914184375 4.9246106875 62.19629078125 48.9827173125 2.36692121875 2108.412668 1684.772539 157.587542 1990.281305 1567.446954 75.741479
2012_12_27_09_00_59_052095384  2601.000 32 12 80.000000 80.000000 0.000000 0.000000 6.29163709375 60.61637803125 47.3741898125 4.92003028125 55.0584690625 41.844745875 2.31408428125 1939.724097 1515.974074 157.440969 1761.87101 1339.031868 74.050697
2012_12_27_09_01_12_652769020  2601.000 32 10 80.000000 80.000000 0.000000 0.000000 7.46420128125 52.43270434375 39.19083034375 4.939438625 51.74378071875 38.52764578125 2.3444079375 1677.846539 1254.106571 158.062036 1655.800983 1232.884665 75.021054
2012_12_27_09_01_27_354002959  2601.000 32 8 80.000000 80.000000 0.000000 0.000000 9.269128375 46.1071205625 32.86667225 4.9262999375 46.63802815625 33.42341909375 2.372873 1475.427858 1051.733512 157.641598 1492.416901 1069.549411 75.931936
2012_12_27_09_01_43_748348657  2601.000 32 6 80.000000 80.000000 0.000000 0.000000 12.288637625 40.19441465625 26.9572224375 4.9308221875 41.047048 27.83647315625 2.32791884375 1286.221269 862.631118 157.78631 1313.505536 890.767141 74.493403
2012_12_27_09_02_03_665196412  2601.000 32 4 80.000000 80.000000 0.000000 0.000000 18.42877034375 34.580273625 21.34955415625 4.93652446875 35.12247628125 21.9188215 2.2154695625 1106.568756 683.185733 157.968783 1123.919241 701.402288 70.895026
2012_12_27_09_02_29_213866624  2601.000 8 16 95.000000 95.000000 0.000000 0.000000 18.552437625 71.417273 58.144826625 4.950229875 70.346114625 57.12334475 2.069699875 571.338184 465.158613 39.601839 562.768917 456.986758 16.557599
2012_12_27_09_02_53_312547000  2601.000 8 14 95.000000 95.000000 0.000000 0.000000 21.33472225 65.973439625 52.693141625 4.936570875 63.212146 49.984309125 2.26110675 527.787517 421.545133 39.492567 505.697168 399.874473 18.088854
2012_12_27_09_03_20_842371206  2601.000 8 12 95.000000 95.000000 0.000000 0.000000 24.58698075 59.372715875 46.084739125 4.95536775 58.15163125 44.927032625 2.29091675 474.981727 368.677913 39.642942 465.21305 359.416261 18.327334
2012_12_27_09_03_51_165916061  2601.000 8 10 95.000000 95.000000 0.000000 0.000000 29.50011875 53.3674085 40.080879375 4.951644625 52.203652625 38.9852375 2.276387625 426.939268 320.647035 39.613157 417.629221 311.8819 18.211101
2012_12_27_09_04_26_322054188  2601.000 8 8 95.000000 95.000000 0.000000 0.000000 36.885036625 47.228644875 33.9507365 4.954827875 46.3639845 33.152124875 2.325529125 377.829159 271.605892 39.638623 370.911876 265.216999 18.604233
2012_12_27_09_05_09_370418050  2601.000 8 6 95.000000 95.000000 0.000000 0.000000 49.071483375 41.00315275 27.73837325 4.9563735 40.650395875 27.432182 2.218792375 328.025222 221.906986 39.650988 325.203167 219.457456 17.750339
2012_12_27_09_06_04_418529657  2601.000 8 4 95.000000 95.000000 0.000000 0.000000 73.606324625 34.880888125 21.638019 4.953827875 35.13346975 21.918271125 2.270003375 279.047105 173.104152 39.630623 281.067758 175.346169 18.160027
2012_12_27_09_07_24_075177800  2601.000 16 16 95.000000 95.000000 0.000000 0.000000 9.3727703125 70.733994375 57.482924 4.96696275 69.2512283125 56.0313313125 2.1175940625 1131.74391 919.726784 79.471404 1108.019653 896.501301 33.881505
2012_12_27_09_07_40_107754406  2601.000 16 14 95.000000 95.000000 0.000000 0.000000 10.6556554375 63.742567625 50.482772 4.9514094375 64.60260525 51.375765875 2.4251024375 1019.881082 807.724352 79.222551 1033.641684 822.012254 38.801639
2012_12_27_09_07_57_588031886  2601.000 16 12 95.000000 95.000000 0.000000 0.000000 12.500554375 58.0942246875 44.8247933125 4.92837025 57.7217024375 44.4978821875 2.409768625 929.507595 717.196693 78.853924 923.547239 711.966115 38.556298
2012_12_27_09_08_17_279688265  2601.000 16 10 95.000000 95.000000 0.000000 0.000000 14.8501305 53.6548373125 40.3925083125 4.96065675 50.9032565 37.6742179375 2.31769725 858.477397 646.280133 79.370508 814.452104 602.787487 37.083156
2012_12_27_09_08_38_944022826  2601.000 16 8 95.000000 95.000000 0.000000 0.000000 18.457066625 47.2896114375 34.019575625 4.9651043125 45.5736328125 32.3540021875 2.3827063125 756.633783 544.31321 79.441669 729.178125 517.664035 38.123301
2012_12_27_09_09_04_264873864  2601.000 16 6 95.000000 95.000000 0.000000 0.000000 24.5736079375 40.550244125 27.2871335 4.98497425 40.578398 27.358277625 2.3301629375 648.803906 436.594136 79.759588 649.254368 437.732442 37.282607
2012_12_27_09_09_35_351689991  2601.000 16 4 95.000000 95.000000 0.000000 0.000000 36.8422790625 35.1853558125 21.94438425 5.0173083125 34.60823725 21.3939599375 2.2860919375 562.965693 351.110148 80.276933 553.731796 342.303359 36.577471
2012_12_27_09_10_18_950772028  2601.000 32 16 95.000000 95.000000 0.000000 0.000000 4.785595875 69.9381689375 56.70371296875 4.89495375 69.08688415625 55.878382625 2.1019276875 2238.021406 1814.518815 156.63852 2210.780293 1788.108244 67.261686
2012_12_27_09_10_31_373867774  2601.000 32 14 95.000000 95.000000 0.000000 0.000000 5.54886840625 66.5865673125 53.34766925 4.85765896875 59.28519040625 46.07408575 2.234540625 2130.770154 1707.125416 155.445087 1897.126093 1474.370744 71.5053
2012_12_27_09_10_44_633583554  2601.000 32 12 95.000000 95.000000 0.000000 0.000000 6.270784375 60.41695925 47.17566609375 4.8986568125 55.314274125 42.101791625 2.19992971875 1933.342696 1509.621315 156.757018 1770.056772 1347.257332 70.397751
2012_12_27_09_10_58_257596698  2601.000 32 10 95.000000 95.000000 0.000000 0.000000 7.539681125 51.70726984375 38.46634478125 4.8964881875 52.0675515 38.8550231875 2.30242384375 1654.632635 1230.923033 156.687622 1666.161648 1243.360742 73.677563
2012_12_27_09_11_13_077753712  2601.000 32 8 95.000000 95.000000 0.000000 0.000000 9.3020970625 45.0643333125 31.826020375 4.9159264375 47.39385340625 34.18149628125 2.1953354375 1442.058666 1018.432652 157.309646 1516.603309 1093.807881 70.250734
2012_12_27_09_11_29_678775205  2601.000 32 6 95.000000 95.000000 0.000000 0.000000 12.36605975 39.9996645 26.76352428125 4.92567009375 40.87245184375 27.662758125 2.22010009375 1279.989264 856.432777 157.621443 1307.918459 885.20826 71.043203
2012_12_27_09_11_49_582505816  2601.000 32 4 95.000000 95.000000 0.000000 0.000000 18.53704721875 34.29160609375 21.0596981875 4.9423850625 35.244567875 22.0416373125 2.21988778125 1097.331395 673.910342 158.156322 1127.826172 705.332394 71.036409
