id freq nodes cores pkg-clamp-0 pkg-clamp-1 dram-clamp-0 dram-clamp-1 avg-time avg-pkg-0 avg-pp0-0 avg-dram-0 avg-pkg-1 avg-pp0-1 avg-dram-1 tot-pkg-0 tot-pp0-0 tot-dram-0 tot-pkg-1 tot-pp0-1 tot-dram-1
2012_12_27_06_39_13_748366673  2601.000 8 16 115.000000 115.000000 0.000000 0.000000 38.27134625 95.394526375 81.360918 7.13519275 94.623494375 80.483176 7.8335535 763.156211 650.887344 57.081542 756.987955 643.865408 62.668428
2012_12_27_06_39_59_330620767  2601.000 8 14 115.000000 115.000000 0.000000 0.000000 42.740814625 87.75253125 73.83861 6.961936 89.186745375 75.26596175 7.417351 702.02025 590.70888 55.695488 713.493963 602.127694 59.338808
2012_12_27_06_40_49_371105934  2601.000 8 12 115.000000 115.000000 0.000000 0.000000 48.465275375 81.458214 67.565907125 7.2352585 84.90095675 71.0757975 7.2058105 651.665712 540.527257 57.882068 679.207654 568.60638 57.646484
2012_12_27_06_41_45_484259079  2601.000 8 10 115.000000 115.000000 0.000000 0.000000 55.590481625 75.3997285 61.52461325 7.15956475 73.540467375 59.86830475 6.652773375 603.197828 492.196906 57.276518 588.323739 478.946438 53.222187
2012_12_27_06_42_48_292569805  2601.000 8 8 115.000000 115.000000 0.000000 0.000000 67.19192525 68.50771225 54.828192375 6.41565275 66.81553675 53.059558375 7.1374425 548.061698 438.625539 51.325222 534.524294 424.476467 57.09954
2012_12_27_06_44_03_632390711  2601.000 8 6 115.000000 115.000000 0.000000 0.000000 85.75533075 57.97683825 44.43838275 5.806944125 57.339977125 43.667001 7.07238575 463.814706 355.507062 46.455553 458.719817 349.336008 56.579086
2012_12_27_06_45_37_650032152  2601.000 8 4 115.000000 115.000000 0.000000 0.000000 126.179056125 50.198063875 36.675443375 6.254051375 49.466068 35.9076515 6.751864625 401.584511 293.403547 50.032411 395.728544 287.261212 54.014917
2012_12_27_06_47_56_376207896  2601.000 16 16 115.000000 115.000000 0.000000 0.000000 20.779730625 93.444936875 79.2472415 7.7660453125 92.24389075 78.1941448125 7.3381518125 1495.11899 1267.955864 124.256725 1475.902252 1251.106317 117.410429
2012_12_27_06_48_24_444071537  2601.000 16 14 115.000000 115.000000 0.000000 0.000000 22.179784125 90.678664375 76.6613621875 7.3104688125 86.0858411875 72.1250009375 7.3068545 1450.85863 1226.581795 116.967501 1377.373459 1154.000015 116.909672
2012_12_27_06_48_53_280203602  2601.000 16 12 115.000000 115.000000 0.000000 0.000000 24.8153564375 83.48698825 69.55025 7.121263375 80.93721325 67.054087625 7.1694849375 1335.791812 1112.804 113.940214 1294.995412 1072.865402 114.711759
2012_12_27_06_49_24_962059351  2601.000 16 10 115.000000 115.000000 0.000000 0.000000 28.4174545625 73.5653798125 59.7630189375 6.7759235 73.948164375 60.1175730625 7.0626355625 1177.046077 956.208303 108.414776 1183.17063 961.881169 113.002169
2012_12_27_06_50_01_158087728  2601.000 16 8 115.000000 115.000000 0.000000 0.000000 33.8370789375 67.47775675 53.7905096875 6.503959375 66.9912221875 53.17653875 7.211584125 1079.644108 860.648155 104.06335 1071.859555 850.82462 115.385346
2012_12_27_06_50_42_983962875  2601.000 16 6 115.000000 115.000000 0.000000 0.000000 43.8509143125 56.57930775 43.000120875 5.8932500625 57.471138875 43.8281691875 6.542579375 905.268924 688.001934 94.292001 919.538222 701.250707 104.68127
2012_12_27_06_51_35_897060683  2601.000 16 4 115.000000 115.000000 0.000000 0.000000 63.672808125 50.165969625 36.6750465 6.0597743125 48.914721375 35.3018934375 7.01941975 802.655514 586.800744 96.956389 782.635542 564.830295 112.310716
2012_12_27_06_52_54_216136797  2601.000 32 16 115.000000 115.000000 0.000000 0.000000 11.7755221875 88.94195553125 74.92646853125 6.95879296875 88.3923955 74.32991271875 7.1611850625 2846.142577 2397.646993 222.681375 2828.556656 2378.557207 229.157922
2012_12_27_06_53_14_380635052  2601.000 32 14 115.000000 115.000000 0.000000 0.000000 11.77696934375 88.19319265625 74.3887424375 6.525948875 87.15613096875 73.2359114375 7.23812290625 2822.182165 2380.439758 208.830364 2788.996191 2343.549166 231.619933
2012_12_27_06_53_34_622840996  2601.000 32 12 115.000000 115.000000 0.000000 0.000000 13.06102775 81.7425475 67.9253420625 6.73758340625 80.02179225 66.22399771875 6.85938884375 2615.76152 2173.610946 215.602669 2560.697352 2119.167927 219.500443
2012_12_27_06_53_55_595165429  2601.000 32 10 115.000000 115.000000 0.000000 0.000000 14.9634610625 74.27484396875 60.53716528125 6.4633383125 72.27818740625 58.512933 6.8049864375 2376.795007 1937.189289 206.826826 2312.901997 1872.413856 217.759566
2012_12_27_06_54_18_336338571  2601.000 32 8 115.000000 115.000000 0.000000 0.000000 18.331262375 66.5669958125 52.95086434375 6.06062615625 66.2499414375 52.5296939375 6.80404721875 2130.143866 1694.427659 193.940037 2119.998126 1680.950206 217.729511
2012_12_27_06_54_44_959588589  2601.000 32 6 115.000000 115.000000 0.000000 0.000000 22.73071609375 56.68838553125 43.1662061875 5.74572896875 58.00925990625 44.355443 6.8134215625 1814.028337 1381.318598 183.863327 1856.296317 1419.374176 218.02949
2012_12_27_06_55_15_865701335  2601.000 32 4 115.000000 115.000000 0.000000 0.000000 32.7264653125 49.63428875 36.18314634375 5.67901096875 49.243636 35.61858746875 6.54281175 1588.29724 1157.860683 181.728351 1575.796352 1139.794799 209.369976
2012_12_27_06_55_58_275015627  2601.000 8 16 51.000000 51.000000 0.000000 0.000000 58.246106125 50.829369875 37.114443 7.266762 50.82906925 37.182404875 7.27280925 406.634959 296.915544 58.134096 406.632554 297.459239 58.182474
2012_12_27_06_57_04_009303200  2601.000 8 14 51.000000 51.000000 0.000000 0.000000 60.129362 50.882965875 37.310251125 6.670235625 50.876461125 37.246351 7.23776 407.063727 298.482009 53.361885 407.011689 297.970808 57.90208
2012_12_27_06_58_12_565429357  2601.000 8 12 51.000000 51.000000 0.000000 0.000000 64.178617625 50.854384875 37.228850625 6.846928625 50.800949625 37.230787 7.043130125 406.835079 297.830805 54.775429 406.407597 297.846296 56.345041
2012_12_27_06_59_25_951549231  2601.000 8 10 51.000000 51.000000 0.000000 0.000000 70.484980625 50.768694375 37.200390875 6.518547875 50.561002 37.000118125 6.77337575 406.149555 297.603127 52.148383 404.488016 296.000945 54.187006
2012_12_27_07_00_45_909478453  2601.000 8 8 51.000000 51.000000 0.000000 0.000000 81.2818615 49.58868325 35.981547 6.91428425 49.660845625 36.086066375 7.001107625 396.709466 287.852376 55.314274 397.286765 288.688531 56.008861
2012_12_27_07_02_17_488799035  2601.000 8 6 51.000000 51.000000 0.000000 0.000000 104.7012195 43.187426875 29.706591125 6.083400125 43.1296525 29.62021225 6.613693625 345.499415 237.652729 48.667201 345.03722 236.961698 52.909549
2012_12_27_07_04_16_903098986  2601.000 8 4 51.000000 51.000000 0.000000 0.000000 158.328756625 36.918884 23.59120325 5.36528975 36.546668125 22.97734275 6.876193 295.351072 188.729626 42.922318 292.373345 183.818742 55.009544
2012_12_27_07_07_15_164106538  2601.000 16 16 51.000000 51.000000 0.000000 0.000000 29.9198609375 50.8695821875 37.16686825 7.1247833125 50.861401875 37.1737690625 7.0139476875 813.913315 594.669892 113.996533 813.78243 594.780305 112.223163
2012_12_27_07_07_51_772513914  2601.000 16 14 51.000000 51.000000 0.000000 0.000000 31.1945075 50.920436375 37.2861254375 6.91938625 50.874037125 37.2451605 6.8786934375 814.726982 596.578007 110.71018 813.984594 595.922568 110.059095
2012_12_27_07_08_29_239140787  2601.000 16 12 51.000000 51.000000 0.000000 0.000000 33.3037810625 50.8708286875 37.2816578125 6.5838550625 50.7799988125 37.144888 6.9687646875 813.933259 596.506525 105.341681 812.479981 594.318208 111.500235
2012_12_27_07_09_09_110987766  2601.000 16 10 51.000000 51.000000 0.000000 0.000000 36.4760006875 50.6427443125 37.0389445 6.769854875 50.0171386875 36.4799506875 6.521043875 810.283909 592.623112 108.317678 800.274219 583.679211 104.336702
2012_12_27_07_09_52_583109327  2601.000 16 8 51.000000 51.000000 0.000000 0.000000 42.123508 48.608816125 35.1488629375 5.8806315625 49.913204125 36.17551375 7.43959575 777.741058 562.381807 94.090105 798.611266 578.80822 119.033532
2012_12_27_07_10_43_869968317  2601.000 16 6 51.000000 51.000000 0.000000 0.000000 53.0655349375 43.024531625 29.5136395625 6.2602090625 43.07425425 29.548549 6.4458335625 688.392506 472.218233 100.163345 689.188068 472.776784 103.133337
2012_12_27_07_11_45_916574860  2601.000 16 4 51.000000 51.000000 0.000000 0.000000 80.014591 36.55444425 23.1161236875 5.98647375 36.6181104375 23.1048639375 6.4359281875 584.871108 369.857979 95.78358 585.889767 369.677823 102.974851
2012_12_27_07_13_22_285620660  2601.000 32 16 51.000000 51.000000 0.000000 0.000000 15.84858528125 50.84588921875 37.207612125 6.50600028125 50.8291430625 37.0871805625 7.0960614375 1627.068455 1190.643588 208.192009 1626.532578 1186.789778 227.073966
2012_12_27_07_13_46_208496453  2601.000 32 14 51.000000 51.000000 0.000000 0.000000 16.22154475 50.89759375 37.30667434375 6.4445586875 50.83604934375 37.20272203125 6.64961428125 1628.723 1193.813579 206.225878 1626.753579 1190.487105 212.787657
2012_12_27_07_14_09_906246773  2601.000 32 12 51.000000 51.000000 0.000000 0.000000 17.10799859375 50.92546521875 37.35089809375 6.3294369375 50.854709 37.2165804375 6.785907 1629.614887 1195.228739 202.541982 1627.350688 1190.930574 217.149024
2012_12_27_07_14_34_649126058  2601.000 32 10 51.000000 51.000000 0.000000 0.000000 18.50390759375 50.658534125 37.1182793125 6.2801524375 50.46868184375 36.8532833125 6.69432775 1621.073092 1187.784938 200.964878 1614.997819 1179.305066 214.218488
2012_12_27_07_15_00_843865800  2601.000 32 8 51.000000 51.000000 0.000000 0.000000 21.07646721875 49.1729154375 35.62172403125 6.19899065625 49.150263125 35.551729375 6.59843840625 1573.533294 1139.895169 198.367701 1572.80842 1137.65534 211.150029
2012_12_27_07_15_29_442049114  2601.000 32 6 51.000000 51.000000 0.000000 0.000000 26.71223578125 42.62588159375 29.17378871875 5.789628125 43.21071434375 29.65407153125 6.41840928125 1364.028211 933.561239 185.2681 1382.742859 948.930289 205.389097
2012_12_27_07_16_03_820992744  2601.000 32 4 51.000000 51.000000 0.000000 0.000000 39.7135731875 36.60310596875 23.1914115625 5.84030109375 36.53729709375 23.029145625 6.35500028125 1171.299391 742.12517 186.889635 1169.193507 736.93266 203.360009
2012_12_27_07_17_00_257160097  2601.000 8 16 65.000000 65.000000 0.000000 0.000000 47.8741965 64.75809125 50.98272475 7.04334825 64.71688525 50.87758075 7.5626815 518.06473 407.861798 56.346786 517.735082 407.020646 60.501452
2012_12_27_07_17_55_973045234  2601.000 8 14 65.000000 65.000000 0.000000 0.000000 51.327816625 64.322803625 50.55005375 7.3227865 64.409969625 50.726610375 7.1664575 514.582429 404.40043 58.582292 515.279757 405.812883 57.33166
2012_12_27_07_18_55_321268878  2601.000 8 12 65.000000 65.000000 0.000000 0.000000 55.6439615 61.747823875 48.131391875 6.330779875 62.575828875 48.80526475 7.494279 493.982591 385.051135 50.646239 500.606631 390.442118 59.954232
2012_12_27_07_19_59_483212998  2601.000 8 10 65.000000 65.000000 0.000000 0.000000 65.02036175 56.480032875 42.89289125 6.5933755 56.825456875 43.112592625 7.281043 451.840263 343.14313 52.747004 454.603655 344.900741 58.248344
2012_12_27_07_21_13_904709745  2601.000 8 8 65.000000 65.000000 0.000000 0.000000 81.138404 50.29616 36.71441 6.343129375 49.445726125 35.82265075 7.048532375 402.36928 293.71528 50.745035 395.565809 286.581206 56.388259
2012_12_27_07_22_45_906105955  2601.000 8 6 65.000000 65.000000 0.000000 0.000000 109.90431025 43.463696125 29.979558125 6.180651875 42.62648575 29.124070125 6.454125 347.709569 239.836465 49.445215 341.011886 232.992561 51.633
2012_12_27_07_24_46_729116415  2601.000 8 4 65.000000 65.000000 0.000000 0.000000 160.04317025 36.89725925 23.508665125 5.89968775 36.50360275 22.995234375 6.753247875 295.178074 188.069321 47.197502 292.028822 183.961875 54.025983
2012_12_27_07_27_49_576597262  2601.000 16 16 65.000000 65.000000 0.000000 0.000000 25.52058525 64.626579625 50.8167328125 7.0401855 64.5711631875 50.7160126875 7.3980036875 1034.025274 813.067725 112.642968 1033.138611 811.456203 118.368059
2012_12_27_07_28_21_553568983  2601.000 16 14 65.000000 65.000000 0.000000 0.000000 26.7049403125 64.3049475625 50.6059464375 6.8625164375 64.3102019375 50.5311311875 7.27003425 1028.879161 809.695143 109.800263 1028.963231 808.498099 116.320548
2012_12_27_07_28_54_621343780  2601.000 16 12 65.000000 65.000000 0.000000 0.000000 29.2453486875 61.9470343125 48.2903866875 6.5229255 61.9702206875 48.179412125 7.1870776875 991.152549 772.646187 104.366808 991.523531 770.870594 114.993243
2012_12_27_07_29_30_856815414  2601.000 16 10 65.000000 65.000000 0.000000 0.000000 33.8401445625 58.4964189375 44.8211849375 6.9173369375 54.2649986875 40.603679375 6.878622 935.942703 717.138959 110.677391 868.239979 649.65887 110.057952
2012_12_27_07_30_11_908376276  2601.000 16 8 65.000000 65.000000 0.000000 0.000000 41.720522875 50.240492875 36.598177 6.716683125 50.01516775 36.3991488125 6.859275 803.847886 585.570832 107.46693 800.242684 582.386381 109.7484
2012_12_27_07_31_03_747905301  2601.000 16 6 65.000000 65.000000 0.000000 0.000000 53.7503298125 42.7004978125 29.2058336875 6.0408013125 43.454668625 29.916512 6.6254973125 683.207965 467.293339 96.652821 695.274698 478.664192 106.007957
2012_12_27_07_32_10_042219025  2601.000 16 4 65.000000 65.000000 0.000000 0.000000 79.930001 36.5782715625 23.1980730625 5.6677670625 36.64622425 23.0701784375 6.9146476875 585.252345 371.169169 90.684273 586.339588 369.122855 110.634363
2012_12_27_07_33_46_949314141  2601.000 32 16 65.000000 65.000000 0.000000 0.000000 13.56148184375 64.59606834375 50.812051875 6.74851046875 64.54268209375 50.65642359375 7.271052875 2067.074187 1625.98566 215.952335 2065.365827 1621.005555 232.673692
2012_12_27_07_34_07_212969523  2601.000 32 14 65.000000 65.000000 0.000000 0.000000 13.8046836875 64.0215049375 50.41596246875 6.17941303125 63.8914101875 50.1513956875 7.06287940625 2048.688158 1613.310799 197.741217 2044.525126 1604.844662 226.012141
2012_12_27_07_34_27_270433496  2601.000 32 12 65.000000 65.000000 0.000000 0.000000 14.9348599375 61.943476125 48.2623414375 6.48382203125 61.51013953125 47.7601255 6.965650875 1982.191236 1544.394926 207.482305 1968.324465 1528.324016 222.900828
2012_12_27_07_34_48_682348869  2601.000 32 10 65.000000 65.000000 0.000000 0.000000 17.159279 56.8441325 43.20892571875 6.52371003125 55.35053084375 41.6507648125 6.92190578125 1819.01224 1382.685623 208.758721 1771.216987 1332.824474 221.500985
2012_12_27_07_35_11_855734130  2601.000 32 8 65.000000 65.000000 0.000000 0.000000 21.00920896875 49.08875303125 35.54131003125 6.1074765 49.97041075 36.34119740625 6.730441625 1570.840097 1137.321921 195.439248 1599.053144 1162.918317 215.374132
2012_12_27_07_35_39_219762257  2601.000 32 6 65.000000 65.000000 0.000000 0.000000 26.91130503125 42.239150625 28.80298690625 5.7791950625 43.657213875 30.0849384375 6.6254731875 1351.65282 921.695581 184.934242 1397.030844 962.71803 212.015142
2012_12_27_07_36_12_725992677  2601.000 32 4 65.000000 65.000000 0.000000 0.000000 38.7963401875 36.7744709375 23.3858523125 5.56917565625 36.38145403125 22.84941246875 6.41732071875 1176.78307 748.347274 178.213621 1164.206529 731.181199 205.354263
2012_12_27_07_36_59_993455576  2601.000 8 16 80.000000 80.000000 0.000000 0.000000 42.615956125 77.2667995 63.3449485 7.20271375 77.289343 63.22819475 8.086191 618.134396 506.759588 57.62171 618.314744 505.825558 64.689528
2012_12_27_07_37_51_396065463  2601.000 8 14 80.000000 80.000000 0.000000 0.000000 48.485190625 72.15228375 58.26798025 7.51555325 68.999257375 55.15927 7.415385375 577.21827 466.143842 60.124426 551.994059 441.27416 59.323083
2012_12_27_07_38_48_019620506  2601.000 8 12 80.000000 80.000000 0.000000 0.000000 55.26598775 64.557385375 50.786164 7.092041625 62.693659375 48.9539715 7.183425125 516.459083 406.289312 56.736333 501.549275 391.631772 57.467401
2012_12_27_07_39_52_456506067  2601.000 8 10 80.000000 80.000000 0.000000 0.000000 64.9076595 56.1170745 42.4740015 6.788926125 57.397701125 43.706930625 7.260590875 448.936596 339.792012 54.311409 459.181609 349.655445 58.084727
2012_12_27_07_41_06_930772473  2601.000 8 8 80.000000 80.000000 0.000000 0.000000 81.014249625 49.880127625 36.311047625 6.263148125 50.104847625 36.473828125 6.981914875 399.041021 290.488381 50.105185 400.838781 291.790625 55.855319
2012_12_27_07_42_38_472462643  2601.000 8 6 80.000000 80.000000 0.000000 0.000000 104.755706 43.221090125 29.75790225 6.452598625 43.129424375 29.607455875 6.743648 345.768721 238.063218 51.620789 345.035395 236.859647 53.949184
2012_12_27_07_44_37_098920632  2601.000 8 4 80.000000 80.000000 0.000000 0.000000 158.04249225 36.851975 23.517329375 5.470699125 36.572730375 23.007473875 6.945349375 294.8158 188.138635 43.765593 292.581843 184.059791 55.562795
2012_12_27_07_47_38_230000640  2601.000 16 16 80.000000 80.000000 0.000000 0.000000 22.5878686875 76.5092246875 62.4913736875 7.56188975 76.38696725 62.2889175625 7.9381239375 1224.147595 999.861979 120.990236 1222.191476 996.622681 127.009983
2012_12_27_07_48_07_521832323  2601.000 16 14 80.000000 80.000000 0.000000 0.000000 25.20418475 70.6478656875 56.6604168125 7.655564625 69.449834625 55.60187525 7.259747625 1130.365851 906.566669 122.489034 1111.197354 889.630004 116.155962
2012_12_27_07_48_39_131248194  2601.000 16 12 80.000000 80.000000 0.000000 0.000000 28.790137875 63.0321396875 49.311024375 6.66304475 63.35048 49.5153043125 7.412651 1008.514235 788.97639 106.608716 1013.60768 792.244869 118.602416
2012_12_27_07_49_15_849123959  2601.000 16 10 80.000000 80.000000 0.000000 0.000000 33.866790125 55.6687391875 42.0621435 6.5701078125 57.1126964375 43.3520088125 7.3219140625 890.699827 672.994296 105.121725 913.803143 693.632141 117.150625
2012_12_27_07_49_56_489925080  2601.000 16 8 80.000000 80.000000 0.000000 0.000000 41.3921270625 49.191652 35.6439494375 6.237321875 50.38073 36.6942635 7.086821875 787.066432 570.303191 99.79715 806.09168 587.108216 113.38915
2012_12_27_07_50_47_448926315  2601.000 16 6 80.000000 80.000000 0.000000 0.000000 53.405525375 42.624335625 29.160463 6.0458136875 43.504834875 29.9335980625 6.75619575 681.98937 466.567408 96.733019 696.077358 478.937569 108.099132
2012_12_27_07_51_51_267322242  2601.000 16 4 80.000000 80.000000 0.000000 0.000000 80.633293 36.6194078125 23.2036379375 5.95561525 36.657892625 23.114492375 6.7664848125 585.910525 371.258207 95.289844 586.526282 369.831878 108.263757
2012_12_27_07_53_27_327209820  2601.000 32 16 80.000000 80.000000 0.000000 0.000000 11.83537775 75.60400953125 61.58613640625 7.21076490625 75.814062625 61.7307629375 7.65174921875 2419.328305 1970.756365 230.744477 2426.050004 1975.384414 244.855975
2012_12_27_07_53_45_452399177  2601.000 32 14 80.000000 80.000000 0.000000 0.000000 13.0910264375 70.00759875 56.1596145625 6.8079284375 68.69686821875 54.76099090625 7.3816204375 2240.24316 1797.107666 217.85371 2198.299783 1752.351709 236.211854
2012_12_27_07_54_04_980054957  2601.000 32 12 80.000000 80.000000 0.000000 0.000000 14.74639578125 63.17923078125 49.4842331875 6.53725178125 62.3395171875 48.46815753125 7.50258459375 2021.735385 1583.495462 209.192057 1994.86455 1550.981041 240.082707
2012_12_27_07_54_25_946747047  2601.000 32 10 80.000000 80.000000 0.000000 0.000000 17.14645234375 55.23301590625 41.64950553125 6.14482540625 56.99719884375 43.2526705625 7.1227408125 1767.456509 1332.784177 196.634413 1823.910363 1384.085458 227.927706
2012_12_27_07_54_49_120212086  2601.000 32 8 80.000000 80.000000 0.000000 0.000000 20.9814016875 48.63233896875 35.09321728125 6.203777625 50.42848915625 36.78945884375 6.7622923125 1556.234847 1122.982953 198.520884 1613.711653 1177.262683 216.393354
2012_12_27_07_55_16_367838041  2601.000 32 6 80.000000 80.000000 0.000000 0.000000 26.87601996875 42.9755899375 29.48765315625 5.9331283125 43.000721875 29.4789095625 6.29771415625 1375.218878 943.604901 189.860106 1376.0231 943.325106 201.526853
2012_12_27_07_55_49_872096238  2601.000 32 4 80.000000 80.000000 0.000000 0.000000 38.70085175 36.495769625 23.0907748125 5.706614875 36.65506875 23.13266121875 6.3760869375 1167.864628 738.904794 182.611676 1172.9622 740.245159 204.034782
2012_12_27_07_56_37_622387833  2601.000 8 16 95.000000 95.000000 0.000000 0.000000 42.515377375 77.54038675 63.64668675 6.82750825 76.7568445 62.699334125 7.91607025 620.323094 509.173494 54.620066 614.054756 501.594673 63.328562
2012_12_27_07_57_29_026872938  2601.000 8 14 95.000000 95.000000 0.000000 0.000000 50.728319 71.380213125 57.4234335 7.733453375 69.9817685 56.11659875 7.558641625 571.041705 459.387468 61.867627 559.854148 448.93279 60.469133
2012_12_27_07_58_26_792550492  2601.000 8 12 95.000000 95.000000 0.000000 0.000000 57.828452125 62.849851375 49.03084475 7.292707625 64.552918 50.767510375 7.385229625 502.798811 392.246758 58.341661 516.423344 406.140083 59.081837
2012_12_27_07_59_32_571682288  2601.000 8 10 95.000000 95.000000 0.000000 0.000000 65.132509625 56.894945 43.29395275 6.501242875 56.501948875 42.796563875 7.381884625 455.15956 346.351622 52.009943 452.015591 342.372511 59.055077
2012_12_27_08_00_47_648874149  2601.000 8 8 95.000000 95.000000 0.000000 0.000000 84.077832 50.2200365 36.612460125 6.437079625 49.744181875 36.12955525 7.150864 401.760292 292.899681 51.496637 397.953455 289.036442 57.206912
2012_12_27_08_02_20_631944407  2601.000 8 6 95.000000 95.000000 0.000000 0.000000 109.10541575 43.375985625 29.82677025 6.429627625 42.798339 29.35858975 6.18246 347.007885 238.614162 51.437021 342.386712 234.868718 49.45968
2012_12_27_08_04_19_979682067  2601.000 8 4 95.000000 95.000000 0.000000 0.000000 171.104718125 36.529196375 23.13068425 6.153546875 36.870475875 23.361236125 6.777650625 292.233571 185.045474 49.228375 294.963807 186.889889 54.221205
2012_12_27_08_07_36_458084500  2601.000 16 16 95.000000 95.000000 0.000000 0.000000 22.4591448125 76.6656825 62.6437379375 7.525499625 76.5856014375 62.442867875 8.1178318125 1226.65092 1002.299807 120.407994 1225.369623 999.085886 129.885309
2012_12_27_08_08_05_259015273  2601.000 16 14 95.000000 95.000000 0.000000 0.000000 25.235679875 70.409213625 56.5643851875 7.0833716875 69.632712875 55.6334731875 7.9172193125 1126.547418 905.030163 113.333947 1114.123406 890.135571 126.675509
2012_12_27_08_08_37_155715767  2601.000 16 12 95.000000 95.000000 0.000000 0.000000 28.8459971875 63.795838125 50.0252824375 6.9508259375 62.6831526875 48.8572738125 7.358940375 1020.73341 800.404519 111.213215 1002.930443 781.716381 117.743046
2012_12_27_08_09_12_405938892  2601.000 16 10 95.000000 95.000000 0.000000 0.000000 33.8081371875 56.292481125 42.66093925 6.6364354375 56.5959015625 42.8669075 7.285841375 900.679698 682.575028 106.182967 905.534425 685.87052 116.573462
2012_12_27_08_09_52_853738075  2601.000 16 8 95.000000 95.000000 0.000000 0.000000 41.6559923125 49.5995178125 36.0098016875 6.4808899375 49.799105375 36.1373995625 6.9974385 793.592285 576.156827 103.694239 796.785686 578.198393 111.959016
2012_12_27_08_10_42_716478955  2601.000 16 6 95.000000 95.000000 0.000000 0.000000 53.3586973125 42.5541116875 29.055488625 6.237447875 43.554335125 30.012459625 6.6190095 680.865787 464.887818 99.799166 696.869362 480.199354 105.904152
2012_12_27_08_11_43_607753791  2601.000 16 4 95.000000 95.000000 0.000000 0.000000 79.9776305625 36.4669885625 23.0271514375 6.0384631875 36.7486753125 23.236872875 6.529666 583.471817 368.434423 96.615411 587.978805 371.789966 104.474656
2012_12_27_08_13_21_456363675  2601.000 32 16 95.000000 95.000000 0.000000 0.000000 11.85058559375 75.75628840625 61.6683614375 7.60973378125 75.72017275 61.679868875 7.433239375 2424.201229 1973.387566 243.511481 2423.045528 1973.755804 237.86366
2012_12_27_08_13_40_088715921  2601.000 32 14 95.000000 95.000000 0.000000 0.000000 13.073079375 70.51155046875 56.6652708125 7.006061625 68.01269775 54.09886084375 7.35212903125 2256.369615 1813.288666 224.193972 2176.406328 1731.163547 235.268129
2012_12_27_08_13_59_266597356  2601.000 32 12 95.000000 95.000000 0.000000 0.000000 14.7595781875 63.12862225 49.4011270625 6.61696971875 62.33250421875 48.488317 7.4075110625 2020.115912 1580.836066 211.743031 1994.640135 1551.626144 237.040354
2012_12_27_08_14_20_576036685  2601.000 32 10 95.000000 95.000000 0.000000 0.000000 17.126969875 55.17001321875 41.56189946875 6.28934459375 57.09383371875 43.35372171875 7.09765471875 1765.440423 1329.980783 201.259027 1827.002679 1387.319095 227.124951
2012_12_27_08_14_43_928751042  2601.000 32 8 95.000000 95.000000 0.000000 0.000000 20.93408459375 49.2360055 35.71327815625 5.945534375 49.92446165625 36.2597956875 6.89347903125 1575.552176 1142.824901 190.2571 1597.582773 1160.313462 220.591329
2012_12_27_08_15_10_918082078  2601.000 32 6 95.000000 95.000000 0.000000 0.000000 26.7835646875 42.418376625 28.97759821875 5.89520140625 43.526023 29.95006034375 6.52935634375 1357.388052 927.283143 188.646445 1392.832736 958.401931 208.939403
2012_12_27_08_15_44_352287561  2601.000 32 4 95.000000 95.000000 0.000000 0.000000 38.8194233125 36.34240165625 22.94446959375 5.63639353125 36.74378653125 23.21346440625 6.4277456875 1162.956853 734.223027 180.364593 1175.801169 742.830861 205.687862
