forrtl: severe (174): SIGSEGV, segmentation fault occurred
Image              PC                Routine            Line        Source             
libc.so.6          00002AAAAC69F3F2  Unknown               Unknown  Unknown
libmpich.so.3      00002AAAAB36AC46  Unknown               Unknown  Unknown
libmpich.so.3      00002AAAAB383374  Unknown               Unknown  Unknown
libmpich.so.3      00002AAAAB368A32  Unknown               Unknown  Unknown
libmpich.so.3      00002AAAAB36ACE7  Unknown               Unknown  Unknown
libmpich.so.3      00002AAAAB26BBED  Unknown               Unknown  Unknown
libmpich.so.3      00002AAAAB26A5EB  Unknown               Unknown  Unknown
libmpich.so.3      00002AAAAB2FF9C0  Unknown               Unknown  Unknown
libmpich.so.3      00002AAAAB383FDD  Unknown               Unknown  Unknown
librapl.so         00002AAAAAF44881  Unknown               Unknown  Unknown
librapl.so         00002AAAAAF44952  Unknown               Unknown  Unknown
sphot              000000000041103B  rdinput_                  174  rdinput.f
sphot              0000000000411EBC  MAIN__                     89  sphot.f
sphot              000000000040629C  Unknown               Unknown  Unknown
libc.so.6          00002AAAAC635CDD  Unknown               Unknown  Unknown
sphot              0000000000406199  Unknown               Unknown  Unknown
slurmd[rzmerl154]: *** STEP 659451.2 KILLED AT 2012-12-26T23:02:40 WITH SIGNAL 9 ***
slurmd[rzmerl69]: *** STEP 659451.2 KILLED AT 2012-12-26T23:02:40 WITH SIGNAL 9 ***
slurmd[rzmerl53]: *** STEP 659451.2 KILLED AT 2012-12-26T23:02:40 WITH SIGNAL 9 ***
slurmd[rzmerl53]: *** STEP 659451.2 KILLED AT 2012-12-26T23:02:40 WITH SIGNAL 9 ***
slurmd[rzmerl69]: *** STEP 659451.2 KILLED AT 2012-12-26T23:02:40 WITH SIGNAL 9 ***
slurmd[rzmerl154]: *** STEP 659451.2 KILLED AT 2012-12-26T23:02:40 WITH SIGNAL 9 ***
